<?xml version="1.0" encoding="UTF-8"?>
<testsuites>
  <testsuite name="/app/phpunit.xml" tests="456" assertions="964" errors="0" failures="0" skipped="29" time="205.132368">
    <testsuite name="default" tests="456" assertions="964" errors="0" failures="0" skipped="29" time="205.132368">
      <testsuite name="Duyler\WorkerPool\Tests\Integration\AbstractMasterCoverageTest" file="/app/tests/Integration/AbstractMasterCoverageTest.php" tests="3" assertions="4" errors="0" failures="0" skipped="0" time="30.055234">
        <testcase name="setupSignalsRegistersSigtermAndSigint" file="/app/tests/Integration/AbstractMasterCoverageTest.php" line="110" class="Duyler\WorkerPool\Tests\Integration\AbstractMasterCoverageTest" classname="Duyler.WorkerPool.Tests.Integration.AbstractMasterCoverageTest" assertions="2" time="0.008406"/>
        <testcase name="waitForWorkersBlocksUntilExit" file="/app/tests/Integration/AbstractMasterCoverageTest.php" line="78" class="Duyler\WorkerPool\Tests\Integration\AbstractMasterCoverageTest" classname="Duyler.WorkerPool.Tests.Integration.AbstractMasterCoverageTest" assertions="1" time="0.009554"/>
        <testcase name="stopSendsSigtermToWorkers" file="/app/tests/Integration/AbstractMasterCoverageTest.php" line="45" class="Duyler\WorkerPool\Tests\Integration\AbstractMasterCoverageTest" classname="Duyler.WorkerPool.Tests.Integration.AbstractMasterCoverageTest" assertions="1" time="30.037274"/>
      </testsuite>
      <testsuite name="Duyler\WorkerPool\Tests\Integration\CentralizedMasterCoverageTest" file="/app/tests/Integration/CentralizedMasterCoverageTest.php" tests="9" assertions="15" errors="0" failures="0" skipped="0" time="60.150044">
        <testcase name="constructorWithServerConfig" file="/app/tests/Integration/CentralizedMasterCoverageTest.php" line="66" class="Duyler\WorkerPool\Tests\Integration\CentralizedMasterCoverageTest" classname="Duyler.WorkerPool.Tests.Integration.CentralizedMasterCoverageTest" assertions="1" time="0.005823"/>
        <testcase name="distributeConnectionsViaReflection" file="/app/tests/Integration/CentralizedMasterCoverageTest.php" line="288" class="Duyler\WorkerPool\Tests\Integration\CentralizedMasterCoverageTest" classname="Duyler.WorkerPool.Tests.Integration.CentralizedMasterCoverageTest" assertions="1" time="0.000519"/>
        <testcase name="runLoopExitsImmediatelyWhenShouldStopIsTrue" file="/app/tests/Integration/CentralizedMasterCoverageTest.php" line="134" class="Duyler\WorkerPool\Tests\Integration\CentralizedMasterCoverageTest" classname="Duyler.WorkerPool.Tests.Integration.CentralizedMasterCoverageTest" assertions="1" time="0.001007"/>
        <testcase name="acceptConnectionsViaReflection" file="/app/tests/Integration/CentralizedMasterCoverageTest.php" line="259" class="Duyler\WorkerPool\Tests\Integration\CentralizedMasterCoverageTest" classname="Duyler.WorkerPool.Tests.Integration.CentralizedMasterCoverageTest" assertions="1" time="0.000355"/>
        <testcase name="getBalancerReturnsCorrectInstance" file="/app/tests/Integration/CentralizedMasterCoverageTest.php" line="237" class="Duyler\WorkerPool\Tests\Integration\CentralizedMasterCoverageTest" classname="Duyler.WorkerPool.Tests.Integration.CentralizedMasterCoverageTest" assertions="1" time="0.000289"/>
        <testcase name="checkWorkersDetectsDeadWorkerNoRestart" file="/app/tests/Integration/CentralizedMasterCoverageTest.php" line="162" class="Duyler\WorkerPool\Tests\Integration\CentralizedMasterCoverageTest" classname="Duyler.WorkerPool.Tests.Integration.CentralizedMasterCoverageTest" assertions="1" time="0.056802"/>
        <testcase name="getMetricsWithAliveWorkers" file="/app/tests/Integration/CentralizedMasterCoverageTest.php" line="197" class="Duyler\WorkerPool\Tests\Integration\CentralizedMasterCoverageTest" classname="Duyler.WorkerPool.Tests.Integration.CentralizedMasterCoverageTest" assertions="6" time="30.049070"/>
        <testcase name="stopKillsAllWorkers" file="/app/tests/Integration/CentralizedMasterCoverageTest.php" line="89" class="Duyler\WorkerPool\Tests\Integration\CentralizedMasterCoverageTest" classname="Duyler.WorkerPool.Tests.Integration.CentralizedMasterCoverageTest" assertions="2" time="30.035498"/>
        <testcase name="constructorThrowsWithoutCallback" file="/app/tests/Integration/CentralizedMasterCoverageTest.php" line="53" class="Duyler\WorkerPool\Tests\Integration\CentralizedMasterCoverageTest" classname="Duyler.WorkerPool.Tests.Integration.CentralizedMasterCoverageTest" assertions="1" time="0.000683"/>
      </testsuite>
      <testsuite name="Duyler\WorkerPool\Tests\Integration\CentralizedMasterSocketResourceTest" file="/app/tests/Integration/CentralizedMasterSocketResourceTest.php" tests="3" assertions="5" errors="0" failures="0" skipped="0" time="0.002268">
        <testcase name="testPhpdocContainsEvioLimitationNote" file="/app/tests/Integration/CentralizedMasterSocketResourceTest.php" line="76" class="Duyler\WorkerPool\Tests\Integration\CentralizedMasterSocketResourceTest" classname="Duyler.WorkerPool.Tests.Integration.CentralizedMasterSocketResourceTest" assertions="3" time="0.000335"/>
        <testcase name="testMasterInstantiatesWithBalancer" file="/app/tests/Integration/CentralizedMasterSocketResourceTest.php" line="94" class="Duyler\WorkerPool\Tests\Integration\CentralizedMasterSocketResourceTest" classname="Duyler.WorkerPool.Tests.Integration.CentralizedMasterSocketResourceTest" assertions="1" time="0.001612"/>
        <testcase name="testServerReceivesUnixSocketResourceInWorker" file="/app/tests/Integration/CentralizedMasterSocketResourceTest.php" line="45" class="Duyler\WorkerPool\Tests\Integration\CentralizedMasterSocketResourceTest" classname="Duyler.WorkerPool.Tests.Integration.CentralizedMasterSocketResourceTest" assertions="1" time="0.000321"/>
      </testsuite>
      <testsuite name="Duyler\WorkerPool\Tests\Integration\CentralizedMasterSpawnTest" file="/app/tests/Integration/CentralizedMasterSpawnTest.php" tests="6" assertions="9" errors="0" failures="0" skipped="0" time="0.031395">
        <testcase name="spawnWorkerForksAndRegisters" file="/app/tests/Integration/CentralizedMasterSpawnTest.php" line="48" class="Duyler\WorkerPool\Tests\Integration\CentralizedMasterSpawnTest" classname="Duyler.WorkerPool.Tests.Integration.CentralizedMasterSpawnTest" assertions="2" time="0.001279"/>
        <testcase name="spawnWorkerWithoutServerConfig" file="/app/tests/Integration/CentralizedMasterSpawnTest.php" line="81" class="Duyler\WorkerPool\Tests\Integration\CentralizedMasterSpawnTest" classname="Duyler.WorkerPool.Tests.Integration.CentralizedMasterSpawnTest" assertions="1" time="0.001068"/>
        <testcase name="spawnWorkerCreatesSocketPair" file="/app/tests/Integration/CentralizedMasterSpawnTest.php" line="112" class="Duyler\WorkerPool\Tests\Integration\CentralizedMasterSpawnTest" classname="Duyler.WorkerPool.Tests.Integration.CentralizedMasterSpawnTest" assertions="2" time="0.001088"/>
        <testcase name="connectionRouterRouteWithNoAliveWorkers" file="/app/tests/Integration/CentralizedMasterSpawnTest.php" line="222" class="Duyler\WorkerPool\Tests\Integration\CentralizedMasterSpawnTest" classname="Duyler.WorkerPool.Tests.Integration.CentralizedMasterSpawnTest" assertions="1" time="0.000955"/>
        <testcase name="checkWorkersDetectsKilledWorker" file="/app/tests/Integration/CentralizedMasterSpawnTest.php" line="147" class="Duyler\WorkerPool\Tests\Integration\CentralizedMasterSpawnTest" classname="Duyler.WorkerPool.Tests.Integration.CentralizedMasterSpawnTest" assertions="1" time="0.013412"/>
        <testcase name="checkWorkersAutoRestartsKilledWorker" file="/app/tests/Integration/CentralizedMasterSpawnTest.php" line="182" class="Duyler\WorkerPool\Tests\Integration\CentralizedMasterSpawnTest" classname="Duyler.WorkerPool.Tests.Integration.CentralizedMasterSpawnTest" assertions="2" time="0.013594"/>
      </testsuite>
      <testsuite name="Duyler\WorkerPool\Tests\Integration\ForkBasedMasterTest" file="/app/tests/Integration/ForkBasedMasterTest.php" tests="3" assertions="7" errors="0" failures="0" skipped="0" time="12.100610">
        <testcase name="centralizedMasterSpawnsWorkers" file="/app/tests/Integration/ForkBasedMasterTest.php" line="49" class="Duyler\WorkerPool\Tests\Integration\ForkBasedMasterTest" classname="Duyler.WorkerPool.Tests.Integration.ForkBasedMasterTest" assertions="2" time="1.021730"/>
        <testcase name="sharedSocketMasterSpawnsWorkers" file="/app/tests/Integration/ForkBasedMasterTest.php" line="104" class="Duyler\WorkerPool\Tests\Integration\ForkBasedMasterTest" classname="Duyler.WorkerPool.Tests.Integration.ForkBasedMasterTest" assertions="3" time="1.017413"/>
        <testcase name="centralizedMasterStopKillsWorkers" file="/app/tests/Integration/ForkBasedMasterTest.php" line="152" class="Duyler\WorkerPool\Tests\Integration\ForkBasedMasterTest" classname="Duyler.WorkerPool.Tests.Integration.ForkBasedMasterTest" assertions="2" time="10.061468"/>
      </testsuite>
      <testsuite name="Duyler\WorkerPool\Tests\Integration\SharedSocketMasterCoverageTest" file="/app/tests/Integration/SharedSocketMasterCoverageTest.php" tests="5" assertions="10" errors="0" failures="0" skipped="0" time="10.098922">
        <testcase name="runLoopExitsImmediatelyWhenShouldStopIsTrue" file="/app/tests/Integration/SharedSocketMasterCoverageTest.php" line="106" class="Duyler\WorkerPool\Tests\Integration\SharedSocketMasterCoverageTest" classname="Duyler.WorkerPool.Tests.Integration.SharedSocketMasterCoverageTest" assertions="1" time="0.001081"/>
        <testcase name="checkWorkersDetectsDeadWorker" file="/app/tests/Integration/SharedSocketMasterCoverageTest.php" line="132" class="Duyler\WorkerPool\Tests\Integration\SharedSocketMasterCoverageTest" classname="Duyler.WorkerPool.Tests.Integration.SharedSocketMasterCoverageTest" assertions="1" time="0.056325"/>
        <testcase name="getMetricsWithWorkers" file="/app/tests/Integration/SharedSocketMasterCoverageTest.php" line="165" class="Duyler\WorkerPool\Tests\Integration\SharedSocketMasterCoverageTest" classname="Duyler.WorkerPool.Tests.Integration.SharedSocketMasterCoverageTest" assertions="5" time="5.017632"/>
        <testcase name="stopKillsWorkers" file="/app/tests/Integration/SharedSocketMasterCoverageTest.php" line="63" class="Duyler\WorkerPool\Tests\Integration\SharedSocketMasterCoverageTest" classname="Duyler.WorkerPool.Tests.Integration.SharedSocketMasterCoverageTest" assertions="2" time="5.023325"/>
        <testcase name="constructorThrowsWithoutCallback" file="/app/tests/Integration/SharedSocketMasterCoverageTest.php" line="51" class="Duyler\WorkerPool\Tests\Integration\SharedSocketMasterCoverageTest" classname="Duyler.WorkerPool.Tests.Integration.SharedSocketMasterCoverageTest" assertions="1" time="0.000560"/>
      </testsuite>
      <testsuite name="Duyler\WorkerPool\Tests\Integration\SharedSocketMasterSocketResourceTest" file="/app/tests/Integration/SharedSocketMasterSocketResourceTest.php" tests="1" assertions="1" errors="0" failures="0" skipped="0" time="0.000322">
        <testcase name="testServerReceivesSocketResourceFromMaster" file="/app/tests/Integration/SharedSocketMasterSocketResourceTest.php" line="40" class="Duyler\WorkerPool\Tests\Integration\SharedSocketMasterSocketResourceTest" classname="Duyler.WorkerPool.Tests.Integration.SharedSocketMasterSocketResourceTest" assertions="1" time="0.000322"/>
      </testsuite>
      <testsuite name="Duyler\WorkerPool\Tests\Integration\SharedSocketMasterSpawnTest" file="/app/tests/Integration/SharedSocketMasterSpawnTest.php" tests="3" assertions="5" errors="0" failures="0" skipped="0" time="0.018657">
        <testcase name="spawnWorkerForksAndRegisters" file="/app/tests/Integration/SharedSocketMasterSpawnTest.php" line="38" class="Duyler\WorkerPool\Tests\Integration\SharedSocketMasterSpawnTest" classname="Duyler.WorkerPool.Tests.Integration.SharedSocketMasterSpawnTest" assertions="2" time="0.001336"/>
        <testcase name="getMetricsAfterSpawn" file="/app/tests/Integration/SharedSocketMasterSpawnTest.php" line="100" class="Duyler\WorkerPool\Tests\Integration\SharedSocketMasterSpawnTest" classname="Duyler.WorkerPool.Tests.Integration.SharedSocketMasterSpawnTest" assertions="2" time="0.002820"/>
        <testcase name="checkWorkersDetectsKilledWorker" file="/app/tests/Integration/SharedSocketMasterSpawnTest.php" line="68" class="Duyler\WorkerPool\Tests\Integration\SharedSocketMasterSpawnTest" classname="Duyler.WorkerPool.Tests.Integration.SharedSocketMasterSpawnTest" assertions="1" time="0.014501"/>
      </testsuite>
      <testsuite name="Duyler\WorkerPool\Tests\Integration\WorkerPoolNotificationIntegrationTest" file="/app/tests/Integration/WorkerPoolNotificationIntegrationTest.php" tests="9" assertions="23" errors="0" failures="0" skipped="0" time="0.005443">
        <testcase name="testSharedSocketMasterEnablesNotificationForEventDrivenWorker" file="/app/tests/Integration/WorkerPoolNotificationIntegrationTest.php" line="48" class="Duyler\WorkerPool\Tests\Integration\WorkerPoolNotificationIntegrationTest" classname="Duyler.WorkerPool.Tests.Integration.WorkerPoolNotificationIntegrationTest" assertions="1" time="0.000431"/>
        <testcase name="testCentralizedMasterEnablesNotificationForEventDrivenWorker" file="/app/tests/Integration/WorkerPoolNotificationIntegrationTest.php" line="87" class="Duyler\WorkerPool\Tests\Integration\WorkerPoolNotificationIntegrationTest" classname="Duyler.WorkerPool.Tests.Integration.WorkerPoolNotificationIntegrationTest" assertions="1" time="0.000498"/>
        <testcase name="testSharedSocketMasterNotificationEnabledInRunEventDrivenWorkerMethod" file="/app/tests/Integration/WorkerPoolNotificationIntegrationTest.php" line="130" class="Duyler\WorkerPool\Tests\Integration\WorkerPoolNotificationIntegrationTest" classname="Duyler.WorkerPool.Tests.Integration.WorkerPoolNotificationIntegrationTest" assertions="3" time="0.001732"/>
        <testcase name="testCallbackWorkerModeDoesNotUseNotification" file="/app/tests/Integration/WorkerPoolNotificationIntegrationTest.php" line="155" class="Duyler\WorkerPool\Tests\Integration\WorkerPoolNotificationIntegrationTest" classname="Duyler.WorkerPool.Tests.Integration.WorkerPoolNotificationIntegrationTest" assertions="3" time="0.000587"/>
        <testcase name="testCentralizedCallbackWorkerModeDoesNotUseNotification" file="/app/tests/Integration/WorkerPoolNotificationIntegrationTest.php" line="170" class="Duyler\WorkerPool\Tests\Integration\WorkerPoolNotificationIntegrationTest" classname="Duyler.WorkerPool.Tests.Integration.WorkerPoolNotificationIntegrationTest" assertions="3" time="0.000746"/>
        <testcase name="testEventDrivenWorkerInterfaceDocumentationContainsNotificationExample" file="/app/tests/Integration/WorkerPoolNotificationIntegrationTest.php" line="185" class="Duyler\WorkerPool\Tests\Integration\WorkerPoolNotificationIntegrationTest" classname="Duyler.WorkerPool.Tests.Integration.WorkerPoolNotificationIntegrationTest" assertions="6" time="0.000356"/>
        <testcase name="testSharedSocketMasterLegacyCallbackModeContinuesToWork" file="/app/tests/Integration/WorkerPoolNotificationIntegrationTest.php" line="198" class="Duyler\WorkerPool\Tests\Integration\WorkerPoolNotificationIntegrationTest" classname="Duyler.WorkerPool.Tests.Integration.WorkerPoolNotificationIntegrationTest" assertions="1" time="0.000292"/>
        <testcase name="testCentralizedMasterLegacyCallbackModeContinuesToWork" file="/app/tests/Integration/WorkerPoolNotificationIntegrationTest.php" line="225" class="Duyler\WorkerPool\Tests\Integration\WorkerPoolNotificationIntegrationTest" classname="Duyler.WorkerPool.Tests.Integration.WorkerPoolNotificationIntegrationTest" assertions="1" time="0.000327"/>
        <testcase name="testCentralizedMasterNotificationEnabledInRunEventDrivenWorkerMethod" file="/app/tests/Integration/WorkerPoolNotificationIntegrationTest.php" line="142" class="Duyler\WorkerPool\Tests\Integration\WorkerPoolNotificationIntegrationTest" classname="Duyler.WorkerPool.Tests.Integration.WorkerPoolNotificationIntegrationTest" assertions="4" time="0.000473"/>
      </testsuite>
      <testsuite name="Duyler\WorkerPool\Tests\Unit\IPC\FdPasserCoverageTest" file="/app/tests/Unit/IPC/FdPasserCoverageTest.php" tests="3" assertions="7" errors="0" failures="0" skipped="0" time="0.001194">
        <testcase name="isSupportedReturnsBool" file="/app/tests/Unit/IPC/FdPasserCoverageTest.php" line="35" class="Duyler\WorkerPool\Tests\Unit\IPC\FdPasserCoverageTest" classname="Duyler.WorkerPool.Tests.Unit.IPC.FdPasserCoverageTest" assertions="1" time="0.000322"/>
        <testcase name="sendFdWithUnixSocketPair" file="/app/tests/Unit/IPC/FdPasserCoverageTest.php" line="42" class="Duyler\WorkerPool\Tests\Unit\IPC\FdPasserCoverageTest" classname="Duyler.WorkerPool.Tests.Unit.IPC.FdPasserCoverageTest" assertions="5" time="0.000504"/>
        <testcase name="receiveFdReturnsNullOnEmptySocket" file="/app/tests/Unit/IPC/FdPasserCoverageTest.php" line="72" class="Duyler\WorkerPool\Tests\Unit\IPC\FdPasserCoverageTest" classname="Duyler.WorkerPool.Tests.Unit.IPC.FdPasserCoverageTest" assertions="1" time="0.000368"/>
      </testsuite>
      <testsuite name="Duyler\WorkerPool\Tests\Unit\IPC\FdPasserExtendedTest" file="/app/tests/Unit/IPC/FdPasserExtendedTest.php" tests="14" assertions="5" errors="0" failures="0" skipped="11" time="0.020975">
        <testcase name="testReceiveFdReturnsNullWhenSocketNotReadable" file="/app/tests/Unit/IPC/FdPasserExtendedTest.php" line="95" class="Duyler\WorkerPool\Tests\Unit\IPC\FdPasserExtendedTest" classname="Duyler.WorkerPool.Tests.Unit.IPC.FdPasserExtendedTest" assertions="2" time="0.000258"/>
        <testcase name="testIsSupportedReturnsFalseOnNonLinux" file="/app/tests/Unit/IPC/FdPasserExtendedTest.php" line="363" class="Duyler\WorkerPool\Tests\Unit\IPC\FdPasserExtendedTest" classname="Duyler.WorkerPool.Tests.Unit.IPC.FdPasserExtendedTest" assertions="1" time="0.000260"/>
        <testcase name="testLogsErrorWhenNoControlData" file="/app/tests/Unit/IPC/FdPasserExtendedTest.php" line="275" class="Duyler\WorkerPool\Tests\Unit\IPC\FdPasserExtendedTest" classname="Duyler.WorkerPool.Tests.Unit.IPC.FdPasserExtendedTest" assertions="2" time="0.003575"/>
        <testcase name="testThrowsExceptionWhenSocketSendmsgNotAvailable" file="/app/tests/Unit/IPC/FdPasserExtendedTest.php" line="31" class="Duyler\WorkerPool\Tests\Unit\IPC\FdPasserExtendedTest" classname="Duyler.WorkerPool.Tests.Unit.IPC.FdPasserExtendedTest" assertions="0" time="0.000495">
          <skipped/>
        </testcase>
        <testcase name="testThrowsExceptionWhenScmRightsNotDefined" file="/app/tests/Unit/IPC/FdPasserExtendedTest.php" line="47" class="Duyler\WorkerPool\Tests\Unit\IPC\FdPasserExtendedTest" classname="Duyler.WorkerPool.Tests.Unit.IPC.FdPasserExtendedTest" assertions="0" time="0.000280">
          <skipped/>
        </testcase>
        <testcase name="testThrowsExceptionWhenSocketRecvmsgNotAvailable" file="/app/tests/Unit/IPC/FdPasserExtendedTest.php" line="63" class="Duyler\WorkerPool\Tests\Unit\IPC\FdPasserExtendedTest" classname="Duyler.WorkerPool.Tests.Unit.IPC.FdPasserExtendedTest" assertions="0" time="0.000234">
          <skipped/>
        </testcase>
        <testcase name="testReceivesFdWithComplexMetadata" file="/app/tests/Unit/IPC/FdPasserExtendedTest.php" line="117" class="Duyler\WorkerPool\Tests\Unit\IPC\FdPasserExtendedTest" classname="Duyler.WorkerPool.Tests.Unit.IPC.FdPasserExtendedTest" assertions="0" time="0.013748">
          <skipped/>
        </testcase>
        <testcase name="testLogsDebugMessagesOnSend" file="/app/tests/Unit/IPC/FdPasserExtendedTest.php" line="161" class="Duyler\WorkerPool\Tests\Unit\IPC\FdPasserExtendedTest" classname="Duyler.WorkerPool.Tests.Unit.IPC.FdPasserExtendedTest" assertions="0" time="0.000429">
          <skipped/>
        </testcase>
        <testcase name="testLogsErrorOnSendFailure" file="/app/tests/Unit/IPC/FdPasserExtendedTest.php" line="192" class="Duyler\WorkerPool\Tests\Unit\IPC\FdPasserExtendedTest" classname="Duyler.WorkerPool.Tests.Unit.IPC.FdPasserExtendedTest" assertions="0" time="0.000296">
          <skipped/>
        </testcase>
        <testcase name="testHandlesCorruptedMetadataJson" file="/app/tests/Unit/IPC/FdPasserExtendedTest.php" line="211" class="Duyler\WorkerPool\Tests\Unit\IPC\FdPasserExtendedTest" classname="Duyler.WorkerPool.Tests.Unit.IPC.FdPasserExtendedTest" assertions="0" time="0.000307">
          <skipped/>
        </testcase>
        <testcase name="testReturnsEmptyArrayWhenNoMetadataSent" file="/app/tests/Unit/IPC/FdPasserExtendedTest.php" line="244" class="Duyler\WorkerPool\Tests\Unit\IPC\FdPasserExtendedTest" classname="Duyler.WorkerPool.Tests.Unit.IPC.FdPasserExtendedTest" assertions="0" time="0.000286">
          <skipped/>
        </testcase>
        <testcase name="testHandlesEmptyIovData" file="/app/tests/Unit/IPC/FdPasserExtendedTest.php" line="299" class="Duyler\WorkerPool\Tests\Unit\IPC\FdPasserExtendedTest" classname="Duyler.WorkerPool.Tests.Unit.IPC.FdPasserExtendedTest" assertions="0" time="0.000299">
          <skipped/>
        </testcase>
        <testcase name="testHandlesNullByteInMetadata" file="/app/tests/Unit/IPC/FdPasserExtendedTest.php" line="330" class="Duyler\WorkerPool\Tests\Unit\IPC\FdPasserExtendedTest" classname="Duyler.WorkerPool.Tests.Unit.IPC.FdPasserExtendedTest" assertions="0" time="0.000259">
          <skipped/>
        </testcase>
        <testcase name="testSendFdReturnsFalseOnFailure" file="/app/tests/Unit/IPC/FdPasserExtendedTest.php" line="79" class="Duyler\WorkerPool\Tests\Unit\IPC\FdPasserExtendedTest" classname="Duyler.WorkerPool.Tests.Unit.IPC.FdPasserExtendedTest" assertions="0" time="0.000249">
          <skipped/>
        </testcase>
      </testsuite>
      <testsuite name="Duyler\WorkerPool\Tests\Unit\IPC\FdPasserFullCoverageTest" file="/app/tests/Unit/IPC/FdPasserFullCoverageTest.php" tests="5" assertions="9" errors="0" failures="0" skipped="0" time="0.001839">
        <testcase name="isSupportedReturnsBool" file="/app/tests/Unit/IPC/FdPasserFullCoverageTest.php" line="35" class="Duyler\WorkerPool\Tests\Unit\IPC\FdPasserFullCoverageTest" classname="Duyler.WorkerPool.Tests.Unit.IPC.FdPasserFullCoverageTest" assertions="1" time="0.000366"/>
        <testcase name="sendFdWithEmptyMetadata" file="/app/tests/Unit/IPC/FdPasserFullCoverageTest.php" line="70" class="Duyler\WorkerPool\Tests\Unit\IPC\FdPasserFullCoverageTest" classname="Duyler.WorkerPool.Tests.Unit.IPC.FdPasserFullCoverageTest" assertions="2" time="0.000479"/>
        <testcase name="receiveFdReturnsNullOnEmptySocket" file="/app/tests/Unit/IPC/FdPasserFullCoverageTest.php" line="87" class="Duyler\WorkerPool\Tests\Unit\IPC\FdPasserFullCoverageTest" classname="Duyler.WorkerPool.Tests.Unit.IPC.FdPasserFullCoverageTest" assertions="1" time="0.000309"/>
        <testcase name="sendFdReturnsBoolAfterAttempt" file="/app/tests/Unit/IPC/FdPasserFullCoverageTest.php" line="101" class="Duyler\WorkerPool\Tests\Unit\IPC\FdPasserFullCoverageTest" classname="Duyler.WorkerPool.Tests.Unit.IPC.FdPasserFullCoverageTest" assertions="2" time="0.000318"/>
        <testcase name="sendFdAttemptsToSend" file="/app/tests/Unit/IPC/FdPasserFullCoverageTest.php" line="42" class="Duyler\WorkerPool\Tests\Unit\IPC\FdPasserFullCoverageTest" classname="Duyler.WorkerPool.Tests.Unit.IPC.FdPasserFullCoverageTest" assertions="3" time="0.000367"/>
      </testsuite>
      <testsuite name="Duyler\WorkerPool\Tests\Unit\IPC\FdPasserTest" file="/app/tests/Unit/IPC/FdPasserTest.php" tests="5" assertions="4" errors="0" failures="0" skipped="2" time="0.001952">
        <testcase name="testChecksScmRightsSupport" file="/app/tests/Unit/IPC/FdPasserTest.php" line="27" class="Duyler\WorkerPool\Tests\Unit\IPC\FdPasserTest" classname="Duyler.WorkerPool.Tests.Unit.IPC.FdPasserTest" assertions="1" time="0.000249"/>
        <testcase name="testReturnsNullWhenNoFdToReceive" file="/app/tests/Unit/IPC/FdPasserTest.php" line="87" class="Duyler\WorkerPool\Tests\Unit\IPC\FdPasserTest" classname="Duyler.WorkerPool.Tests.Unit.IPC.FdPasserTest" assertions="2" time="0.000267"/>
        <testcase name="testAcceptsLoggerViaConstructor" file="/app/tests/Unit/IPC/FdPasserTest.php" line="146" class="Duyler\WorkerPool\Tests\Unit\IPC\FdPasserTest" classname="Duyler.WorkerPool.Tests.Unit.IPC.FdPasserTest" assertions="1" time="0.000920"/>
        <testcase name="testSendsAndReceivesFd" file="/app/tests/Unit/IPC/FdPasserTest.php" line="36" class="Duyler\WorkerPool\Tests\Unit\IPC\FdPasserTest" classname="Duyler.WorkerPool.Tests.Unit.IPC.FdPasserTest" assertions="0" time="0.000279">
          <skipped/>
        </testcase>
        <testcase name="testSendsFdWithEmptyMetadata" file="/app/tests/Unit/IPC/FdPasserTest.php" line="112" class="Duyler\WorkerPool\Tests\Unit\IPC\FdPasserTest" classname="Duyler.WorkerPool.Tests.Unit.IPC.FdPasserTest" assertions="0" time="0.000237">
          <skipped/>
        </testcase>
      </testsuite>
      <testsuite name="Duyler\WorkerPool\Tests\Unit\IPC\UnixSocketChannelCoverageTest" file="/app/tests/Unit/IPC/UnixSocketChannelCoverageTest.php" tests="11" assertions="22" errors="0" failures="0" skipped="0" time="0.065572">
        <testcase name="constructorSetsDefaults" file="/app/tests/Unit/IPC/UnixSocketChannelCoverageTest.php" line="47" class="Duyler\WorkerPool\Tests\Unit\IPC\UnixSocketChannelCoverageTest" classname="Duyler.WorkerPool.Tests.Unit.IPC.UnixSocketChannelCoverageTest" assertions="2" time="0.001540"/>
        <testcase name="closeCleansUpServerSocket" file="/app/tests/Unit/IPC/UnixSocketChannelCoverageTest.php" line="82" class="Duyler\WorkerPool\Tests\Unit\IPC\UnixSocketChannelCoverageTest" classname="Duyler.WorkerPool.Tests.Unit.IPC.UnixSocketChannelCoverageTest" assertions="4" time="0.000791"/>
        <testcase name="closeIsIdempotent" file="/app/tests/Unit/IPC/UnixSocketChannelCoverageTest.php" line="97" class="Duyler\WorkerPool\Tests\Unit\IPC\UnixSocketChannelCoverageTest" classname="Duyler.WorkerPool.Tests.Unit.IPC.UnixSocketChannelCoverageTest" assertions="1" time="0.000369"/>
        <testcase name="acceptReturnsNullWhenNoClients" file="/app/tests/Unit/IPC/UnixSocketChannelCoverageTest.php" line="118" class="Duyler\WorkerPool\Tests\Unit\IPC\UnixSocketChannelCoverageTest" classname="Duyler.WorkerPool.Tests.Unit.IPC.UnixSocketChannelCoverageTest" assertions="1" time="0.000404"/>
        <testcase name="destructorCallsClose" file="/app/tests/Unit/IPC/UnixSocketChannelCoverageTest.php" line="193" class="Duyler\WorkerPool\Tests\Unit\IPC\UnixSocketChannelCoverageTest" classname="Duyler.WorkerPool.Tests.Unit.IPC.UnixSocketChannelCoverageTest" assertions="2" time="0.000377"/>
        <testcase name="connectAsServerCreatesSocket" file="/app/tests/Unit/IPC/UnixSocketChannelCoverageTest.php" line="55" class="Duyler\WorkerPool\Tests\Unit\IPC\UnixSocketChannelCoverageTest" classname="Duyler.WorkerPool.Tests.Unit.IPC.UnixSocketChannelCoverageTest" assertions="3" time="0.000370"/>
        <testcase name="sendAndReceiveMessage" file="/app/tests/Unit/IPC/UnixSocketChannelCoverageTest.php" line="151" class="Duyler\WorkerPool\Tests\Unit\IPC\UnixSocketChannelCoverageTest" classname="Duyler.WorkerPool.Tests.Unit.IPC.UnixSocketChannelCoverageTest" assertions="2" time="0.057999"/>
        <testcase name="sendThrowsWhenNotConnected" file="/app/tests/Unit/IPC/UnixSocketChannelCoverageTest.php" line="130" class="Duyler\WorkerPool\Tests\Unit\IPC\UnixSocketChannelCoverageTest" classname="Duyler.WorkerPool.Tests.Unit.IPC.UnixSocketChannelCoverageTest" assertions="2" time="0.002002"/>
        <testcase name="receiveThrowsWhenNotConnected" file="/app/tests/Unit/IPC/UnixSocketChannelCoverageTest.php" line="141" class="Duyler\WorkerPool\Tests\Unit\IPC\UnixSocketChannelCoverageTest" classname="Duyler.WorkerPool.Tests.Unit.IPC.UnixSocketChannelCoverageTest" assertions="2" time="0.000614"/>
        <testcase name="acceptThrowsOnNonServerSocket" file="/app/tests/Unit/IPC/UnixSocketChannelCoverageTest.php" line="108" class="Duyler\WorkerPool\Tests\Unit\IPC\UnixSocketChannelCoverageTest" classname="Duyler.WorkerPool.Tests.Unit.IPC.UnixSocketChannelCoverageTest" assertions="2" time="0.000529"/>
        <testcase name="connectAsClientFailsWithoutServer" file="/app/tests/Unit/IPC/UnixSocketChannelCoverageTest.php" line="68" class="Duyler\WorkerPool\Tests\Unit\IPC\UnixSocketChannelCoverageTest" classname="Duyler.WorkerPool.Tests.Unit.IPC.UnixSocketChannelCoverageTest" assertions="1" time="0.000577"/>
      </testsuite>
      <testsuite name="Duyler\WorkerPool\Tests\Unit\IPC\UnixSocketChannelTest" file="/app/tests/Unit/IPC/UnixSocketChannelTest.php" tests="11" assertions="21" errors="0" failures="0" skipped="0" time="0.057491">
        <testcase name="testCreatesServerSocket" file="/app/tests/Unit/IPC/UnixSocketChannelTest.php" line="38" class="Duyler\WorkerPool\Tests\Unit\IPC\UnixSocketChannelTest" classname="Duyler.WorkerPool.Tests.Unit.IPC.UnixSocketChannelTest" assertions="3" time="0.000633"/>
        <testcase name="testCreatesClientSocket" file="/app/tests/Unit/IPC/UnixSocketChannelTest.php" line="49" class="Duyler\WorkerPool\Tests\Unit\IPC\UnixSocketChannelTest" classname="Duyler.WorkerPool.Tests.Unit.IPC.UnixSocketChannelTest" assertions="2" time="0.000451"/>
        <testcase name="testClosesSocketProperly" file="/app/tests/Unit/IPC/UnixSocketChannelTest.php" line="141" class="Duyler\WorkerPool\Tests\Unit\IPC\UnixSocketChannelTest" classname="Duyler.WorkerPool.Tests.Unit.IPC.UnixSocketChannelTest" assertions="3" time="0.000333"/>
        <testcase name="testRemovesSocketFileOnServerClose" file="/app/tests/Unit/IPC/UnixSocketChannelTest.php" line="154" class="Duyler\WorkerPool\Tests\Unit\IPC\UnixSocketChannelTest" classname="Duyler.WorkerPool.Tests.Unit.IPC.UnixSocketChannelTest" assertions="2" time="0.000459"/>
        <testcase name="testReturnsNullWhenNoClientToAccept" file="/app/tests/Unit/IPC/UnixSocketChannelTest.php" line="166" class="Duyler\WorkerPool\Tests\Unit\IPC\UnixSocketChannelTest" classname="Duyler.WorkerPool.Tests.Unit.IPC.UnixSocketChannelTest" assertions="1" time="0.000312"/>
        <testcase name="testReturnsNullWhenNoMessageToReceive" file="/app/tests/Unit/IPC/UnixSocketChannelTest.php" line="178" class="Duyler\WorkerPool\Tests\Unit\IPC\UnixSocketChannelTest" classname="Duyler.WorkerPool.Tests.Unit.IPC.UnixSocketChannelTest" assertions="1" time="0.014190"/>
        <testcase name="testServerAcceptsClientConnection" file="/app/tests/Unit/IPC/UnixSocketChannelTest.php" line="63" class="Duyler\WorkerPool\Tests\Unit\IPC\UnixSocketChannelTest" classname="Duyler.WorkerPool.Tests.Unit.IPC.UnixSocketChannelTest" assertions="1" time="0.013678"/>
        <testcase name="testSendsAndReceivesMessage" file="/app/tests/Unit/IPC/UnixSocketChannelTest.php" line="81" class="Duyler\WorkerPool\Tests\Unit\IPC\UnixSocketChannelTest" classname="Duyler.WorkerPool.Tests.Unit.IPC.UnixSocketChannelTest" assertions="2" time="0.025093"/>
        <testcase name="testThrowsOnSendWithoutConnection" file="/app/tests/Unit/IPC/UnixSocketChannelTest.php" line="104" class="Duyler\WorkerPool\Tests\Unit\IPC\UnixSocketChannelTest" classname="Duyler.WorkerPool.Tests.Unit.IPC.UnixSocketChannelTest" assertions="2" time="0.000863"/>
        <testcase name="testThrowsOnReceiveWithoutConnection" file="/app/tests/Unit/IPC/UnixSocketChannelTest.php" line="114" class="Duyler\WorkerPool\Tests\Unit\IPC\UnixSocketChannelTest" classname="Duyler.WorkerPool.Tests.Unit.IPC.UnixSocketChannelTest" assertions="2" time="0.000685"/>
        <testcase name="testThrowsOnAcceptFromNonServer" file="/app/tests/Unit/IPC/UnixSocketChannelTest.php" line="124" class="Duyler\WorkerPool\Tests\Unit\IPC\UnixSocketChannelTest" classname="Duyler.WorkerPool.Tests.Unit.IPC.UnixSocketChannelTest" assertions="2" time="0.000793"/>
      </testsuite>
      <testsuite name="Duyler\WorkerPool\Tests\Unit\Master\CentralizedMasterEventDrivenTest" file="/app/tests/Unit/Master/CentralizedMasterEventDrivenTest.php" tests="6" assertions="7" errors="0" failures="0" skipped="0" time="0.001770">
        <testcase name="testAcceptsBothWorkerInterfaces" file="/app/tests/Unit/Master/CentralizedMasterEventDrivenTest.php" line="110" class="Duyler\WorkerPool\Tests\Unit\Master\CentralizedMasterEventDrivenTest" classname="Duyler.WorkerPool.Tests.Unit.Master.CentralizedMasterEventDrivenTest" assertions="1" time="0.000389"/>
        <testcase name="testCreatesMasterWithoutServerConfig" file="/app/tests/Unit/Master/CentralizedMasterEventDrivenTest.php" line="134" class="Duyler\WorkerPool\Tests\Unit\Master\CentralizedMasterEventDrivenTest" classname="Duyler.WorkerPool.Tests.Unit.Master.CentralizedMasterEventDrivenTest" assertions="1" time="0.000292"/>
        <testcase name="testEventDrivenWorkerReceivesParameters" file="/app/tests/Unit/Master/CentralizedMasterEventDrivenTest.php" line="153" class="Duyler\WorkerPool\Tests\Unit\Master\CentralizedMasterEventDrivenTest" classname="Duyler.WorkerPool.Tests.Unit.Master.CentralizedMasterEventDrivenTest" assertions="1" time="0.000258"/>
        <testcase name="testCreatesMasterWithEventDrivenWorker" file="/app/tests/Unit/Master/CentralizedMasterEventDrivenTest.php" line="55" class="Duyler\WorkerPool\Tests\Unit\Master\CentralizedMasterEventDrivenTest" classname="Duyler.WorkerPool.Tests.Unit.Master.CentralizedMasterEventDrivenTest" assertions="1" time="0.000317"/>
        <testcase name="testCreatesMasterWithWorkerCallback" file="/app/tests/Unit/Master/CentralizedMasterEventDrivenTest.php" line="74" class="Duyler\WorkerPool\Tests\Unit\Master\CentralizedMasterEventDrivenTest" classname="Duyler.WorkerPool.Tests.Unit.Master.CentralizedMasterEventDrivenTest" assertions="1" time="0.000243"/>
        <testcase name="testThrowsExceptionWhenNoWorkerInterfaceProvided" file="/app/tests/Unit/Master/CentralizedMasterEventDrivenTest.php" line="93" class="Duyler\WorkerPool\Tests\Unit\Master\CentralizedMasterEventDrivenTest" classname="Duyler.WorkerPool.Tests.Unit.Master.CentralizedMasterEventDrivenTest" assertions="2" time="0.000271"/>
      </testsuite>
      <testsuite name="Duyler\WorkerPool\Tests\Unit\Master\CentralizedMasterExtendedTest" file="/app/tests/Unit/Master/CentralizedMasterExtendedTest.php" tests="11" assertions="27" errors="0" failures="0" skipped="0" time="0.003410">
        <testcase name="testCreatesMasterWithWorkerCallback" file="/app/tests/Unit/Master/CentralizedMasterExtendedTest.php" line="59" class="Duyler\WorkerPool\Tests\Unit\Master\CentralizedMasterExtendedTest" classname="Duyler.WorkerPool.Tests.Unit.Master.CentralizedMasterExtendedTest" assertions="2" time="0.000288"/>
        <testcase name="testGetBalancerReturnsCorrectInstance" file="/app/tests/Unit/Master/CentralizedMasterExtendedTest.php" line="78" class="Duyler\WorkerPool\Tests\Unit\Master\CentralizedMasterExtendedTest" classname="Duyler.WorkerPool.Tests.Unit.Master.CentralizedMasterExtendedTest" assertions="2" time="0.000285"/>
        <testcase name="testGetMetricsReturnsCorrectStructure" file="/app/tests/Unit/Master/CentralizedMasterExtendedTest.php" line="98" class="Duyler\WorkerPool\Tests\Unit\Master\CentralizedMasterExtendedTest" classname="Duyler.WorkerPool.Tests.Unit.Master.CentralizedMasterExtendedTest" assertions="12" time="0.000299"/>
        <testcase name="testStopChangesRunningState" file="/app/tests/Unit/Master/CentralizedMasterExtendedTest.php" line="129" class="Duyler\WorkerPool\Tests\Unit\Master\CentralizedMasterExtendedTest" classname="Duyler.WorkerPool.Tests.Unit.Master.CentralizedMasterExtendedTest" assertions="2" time="0.000253"/>
        <testcase name="testIsRunningReturnsTrueInitially" file="/app/tests/Unit/Master/CentralizedMasterExtendedTest.php" line="151" class="Duyler\WorkerPool\Tests\Unit\Master\CentralizedMasterExtendedTest" classname="Duyler.WorkerPool.Tests.Unit.Master.CentralizedMasterExtendedTest" assertions="1" time="0.000233"/>
        <testcase name="testGetWorkersReturnsEmptyArrayInitially" file="/app/tests/Unit/Master/CentralizedMasterExtendedTest.php" line="169" class="Duyler\WorkerPool\Tests\Unit\Master\CentralizedMasterExtendedTest" classname="Duyler.WorkerPool.Tests.Unit.Master.CentralizedMasterExtendedTest" assertions="2" time="0.000300"/>
        <testcase name="testCreatesMasterWithLogger" file="/app/tests/Unit/Master/CentralizedMasterExtendedTest.php" line="189" class="Duyler\WorkerPool\Tests\Unit\Master\CentralizedMasterExtendedTest" classname="Duyler.WorkerPool.Tests.Unit.Master.CentralizedMasterExtendedTest" assertions="1" time="0.000382"/>
        <testcase name="testHandlesMaxConnectionsConfig" file="/app/tests/Unit/Master/CentralizedMasterExtendedTest.php" line="210" class="Duyler\WorkerPool\Tests\Unit\Master\CentralizedMasterExtendedTest" classname="Duyler.WorkerPool.Tests.Unit.Master.CentralizedMasterExtendedTest" assertions="1" time="0.000560"/>
        <testcase name="testHandlesPollIntervalConfig" file="/app/tests/Unit/Master/CentralizedMasterExtendedTest.php" line="241" class="Duyler\WorkerPool\Tests\Unit\Master\CentralizedMasterExtendedTest" classname="Duyler.WorkerPool.Tests.Unit.Master.CentralizedMasterExtendedTest" assertions="1" time="0.000297"/>
        <testcase name="testHandlesRestartDelayConfig" file="/app/tests/Unit/Master/CentralizedMasterExtendedTest.php" line="272" class="Duyler\WorkerPool\Tests\Unit\Master\CentralizedMasterExtendedTest" classname="Duyler.WorkerPool.Tests.Unit.Master.CentralizedMasterExtendedTest" assertions="1" time="0.000269"/>
        <testcase name="testThrowsExceptionWhenNeitherWorkerCallbackNorEventDrivenWorkerProvided" file="/app/tests/Unit/Master/CentralizedMasterExtendedTest.php" line="51" class="Duyler\WorkerPool\Tests\Unit\Master\CentralizedMasterExtendedTest" classname="Duyler.WorkerPool.Tests.Unit.Master.CentralizedMasterExtendedTest" assertions="2" time="0.000245"/>
      </testsuite>
      <testsuite name="Duyler\WorkerPool\Tests\Unit\Master\CentralizedMasterTest" file="/app/tests/Unit/Master/CentralizedMasterTest.php" tests="7" assertions="14" errors="0" failures="0" skipped="0" time="0.002112">
        <testcase name="testCreatesCentralizedMasterWithConfig" file="/app/tests/Unit/Master/CentralizedMasterTest.php" line="61" class="Duyler\WorkerPool\Tests\Unit\Master\CentralizedMasterTest" classname="Duyler.WorkerPool.Tests.Unit.Master.CentralizedMasterTest" assertions="1" time="0.000339"/>
        <testcase name="testTracksWorkerProcesses" file="/app/tests/Unit/Master/CentralizedMasterTest.php" line="93" class="Duyler\WorkerPool\Tests\Unit\Master\CentralizedMasterTest" classname="Duyler.WorkerPool.Tests.Unit.Master.CentralizedMasterTest" assertions="2" time="0.000417"/>
        <testcase name="testStopsAllWorkersOnStop" file="/app/tests/Unit/Master/CentralizedMasterTest.php" line="103" class="Duyler\WorkerPool\Tests\Unit\Master\CentralizedMasterTest" classname="Duyler.WorkerPool.Tests.Unit.Master.CentralizedMasterTest" assertions="1" time="0.000291"/>
        <testcase name="testCollectsMetricsFromWorkers" file="/app/tests/Unit/Master/CentralizedMasterTest.php" line="112" class="Duyler\WorkerPool\Tests\Unit\Master\CentralizedMasterTest" classname="Duyler.WorkerPool.Tests.Unit.Master.CentralizedMasterTest" assertions="7" time="0.000262"/>
        <testcase name="testReturnsWorkerCount" file="/app/tests/Unit/Master/CentralizedMasterTest.php" line="127" class="Duyler\WorkerPool\Tests\Unit\Master\CentralizedMasterTest" classname="Duyler.WorkerPool.Tests.Unit.Master.CentralizedMasterTest" assertions="1" time="0.000278"/>
        <testcase name="testHandlesAutoRestartConfig" file="/app/tests/Unit/Master/CentralizedMasterTest.php" line="136" class="Duyler\WorkerPool\Tests\Unit\Master\CentralizedMasterTest" classname="Duyler.WorkerPool.Tests.Unit.Master.CentralizedMasterTest" assertions="1" time="0.000282"/>
        <testcase name="testGetsEmptyWorkersListInitially" file="/app/tests/Unit/Master/CentralizedMasterTest.php" line="155" class="Duyler\WorkerPool\Tests\Unit\Master\CentralizedMasterTest" classname="Duyler.WorkerPool.Tests.Unit.Master.CentralizedMasterTest" assertions="1" time="0.000243"/>
      </testsuite>
      <testsuite name="Duyler\WorkerPool\Tests\Unit\Master\ConnectionQueueTest" file="/app/tests/Unit/Master/ConnectionQueueTest.php" tests="9" assertions="39" errors="0" failures="0" skipped="0" time="0.002642">
        <testcase name="testCreatesEmptyQueue" file="/app/tests/Unit/Master/ConnectionQueueTest.php" line="21" class="Duyler\WorkerPool\Tests\Unit\Master\ConnectionQueueTest" classname="Duyler.WorkerPool.Tests.Unit.Master.ConnectionQueueTest" assertions="3" time="0.000234"/>
        <testcase name="testEnqueuesSocket" file="/app/tests/Unit/Master/ConnectionQueueTest.php" line="30" class="Duyler\WorkerPool\Tests\Unit\Master\ConnectionQueueTest" classname="Duyler.WorkerPool.Tests.Unit.Master.ConnectionQueueTest" assertions="4" time="0.000288"/>
        <testcase name="testDequeuesSocket" file="/app/tests/Unit/Master/ConnectionQueueTest.php" line="46" class="Duyler\WorkerPool\Tests\Unit\Master\ConnectionQueueTest" classname="Duyler.WorkerPool.Tests.Unit.Master.ConnectionQueueTest" assertions="4" time="0.000302"/>
        <testcase name="testReturnsNullWhenEmpty" file="/app/tests/Unit/Master/ConnectionQueueTest.php" line="68" class="Duyler\WorkerPool\Tests\Unit\Master\ConnectionQueueTest" classname="Duyler.WorkerPool.Tests.Unit.Master.ConnectionQueueTest" assertions="1" time="0.000185"/>
        <testcase name="testRespectsMaxSize" file="/app/tests/Unit/Master/ConnectionQueueTest.php" line="77" class="Duyler\WorkerPool\Tests\Unit\Master\ConnectionQueueTest" classname="Duyler.WorkerPool.Tests.Unit.Master.ConnectionQueueTest" assertions="7" time="0.000334"/>
        <testcase name="testMaintainsFifoOrder" file="/app/tests/Unit/Master/ConnectionQueueTest.php" line="99" class="Duyler\WorkerPool\Tests\Unit\Master\ConnectionQueueTest" classname="Duyler.WorkerPool.Tests.Unit.Master.ConnectionQueueTest" assertions="6" time="0.000542"/>
        <testcase name="testClearsAllSockets" file="/app/tests/Unit/Master/ConnectionQueueTest.php" line="124" class="Duyler\WorkerPool\Tests\Unit\Master\ConnectionQueueTest" classname="Duyler.WorkerPool.Tests.Unit.Master.ConnectionQueueTest" assertions="5" time="0.000240"/>
        <testcase name="testChecksIfFull" file="/app/tests/Unit/Master/ConnectionQueueTest.php" line="145" class="Duyler\WorkerPool\Tests\Unit\Master\ConnectionQueueTest" classname="Duyler.WorkerPool.Tests.Unit.Master.ConnectionQueueTest" assertions="3" time="0.000282"/>
        <testcase name="testHandlesMultipleEnqueueDequeueCycles" file="/app/tests/Unit/Master/ConnectionQueueTest.php" line="161" class="Duyler\WorkerPool\Tests\Unit\Master\ConnectionQueueTest" classname="Duyler.WorkerPool.Tests.Unit.Master.ConnectionQueueTest" assertions="6" time="0.000235"/>
      </testsuite>
      <testsuite name="Duyler\WorkerPool\Tests\Unit\Master\ConnectionRouterCoverageTest" file="/app/tests/Unit/Master/ConnectionRouterCoverageTest.php" tests="4" assertions="4" errors="0" failures="0" skipped="0" time="0.001242">
        <testcase name="getBalancerReturnsCorrectInstance" file="/app/tests/Unit/Master/ConnectionRouterCoverageTest.php" line="44" class="Duyler\WorkerPool\Tests\Unit\Master\ConnectionRouterCoverageTest" classname="Duyler.WorkerPool.Tests.Unit.Master.ConnectionRouterCoverageTest" assertions="1" time="0.000382"/>
        <testcase name="routeReturnsFalseWhenNoWorkersAvailable" file="/app/tests/Unit/Master/ConnectionRouterCoverageTest.php" line="50" class="Duyler\WorkerPool\Tests\Unit\Master\ConnectionRouterCoverageTest" classname="Duyler.WorkerPool.Tests.Unit.Master.ConnectionRouterCoverageTest" assertions="1" time="0.000230"/>
        <testcase name="routeReturnsFalseWhenWorkerSocketMissing" file="/app/tests/Unit/Master/ConnectionRouterCoverageTest.php" line="61" class="Duyler\WorkerPool\Tests\Unit\Master\ConnectionRouterCoverageTest" classname="Duyler.WorkerPool.Tests.Unit.Master.ConnectionRouterCoverageTest" assertions="1" time="0.000344"/>
        <testcase name="routeReturnsFalseForDeadWorker" file="/app/tests/Unit/Master/ConnectionRouterCoverageTest.php" line="76" class="Duyler\WorkerPool\Tests\Unit\Master\ConnectionRouterCoverageTest" classname="Duyler.WorkerPool.Tests.Unit.Master.ConnectionRouterCoverageTest" assertions="1" time="0.000287"/>
      </testsuite>
      <testsuite name="Duyler\WorkerPool\Tests\Unit\Master\ConnectionRouterTest" file="/app/tests/Unit/Master/ConnectionRouterTest.php" tests="3" assertions="3" errors="0" failures="0" skipped="0" time="0.000770">
        <testcase name="testCanGetBalancer" file="/app/tests/Unit/Master/ConnectionRouterTest.php" line="40" class="Duyler\WorkerPool\Tests\Unit\Master\ConnectionRouterTest" classname="Duyler.WorkerPool.Tests.Unit.Master.ConnectionRouterTest" assertions="1" time="0.000213"/>
        <testcase name="testRouteReturnsFalseWhenNoWorkersAvailable" file="/app/tests/Unit/Master/ConnectionRouterTest.php" line="47" class="Duyler\WorkerPool\Tests\Unit\Master\ConnectionRouterTest" classname="Duyler.WorkerPool.Tests.Unit.Master.ConnectionRouterTest" assertions="1" time="0.000271"/>
        <testcase name="testRouteReturnsFalseWhenWorkerSocketNotFound" file="/app/tests/Unit/Master/ConnectionRouterTest.php" line="64" class="Duyler\WorkerPool\Tests\Unit\Master\ConnectionRouterTest" classname="Duyler.WorkerPool.Tests.Unit.Master.ConnectionRouterTest" assertions="1" time="0.000285"/>
      </testsuite>
      <testsuite name="Duyler\WorkerPool\Tests\Unit\Master\ForkWorkerManagerTest" file="/app/tests/Unit/Master/ForkWorkerManagerTest.php" tests="4" assertions="7" errors="0" failures="0" skipped="0" time="30.510112">
        <testcase name="checkRemovesDeadWorkers" file="/app/tests/Unit/Master/ForkWorkerManagerTest.php" line="59" class="Duyler\WorkerPool\Tests\Unit\Master\ForkWorkerManagerTest" classname="Duyler.WorkerPool.Tests.Unit.Master.ForkWorkerManagerTest" assertions="1" time="0.107108"/>
        <testcase name="spawnCreatesChildProcess" file="/app/tests/Unit/Master/ForkWorkerManagerTest.php" line="23" class="Duyler\WorkerPool\Tests\Unit\Master\ForkWorkerManagerTest" classname="Duyler.WorkerPool.Tests.Unit.Master.ForkWorkerManagerTest" assertions="3" time="0.118127"/>
        <testcase name="spawnMultipleWorkers" file="/app/tests/Unit/Master/ForkWorkerManagerTest.php" line="77" class="Duyler\WorkerPool\Tests\Unit\Master\ForkWorkerManagerTest" classname="Duyler.WorkerPool.Tests.Unit.Master.ForkWorkerManagerTest" assertions="1" time="0.219912"/>
        <testcase name="stopAllSendsSigterm" file="/app/tests/Unit/Master/ForkWorkerManagerTest.php" line="41" class="Duyler\WorkerPool\Tests\Unit\Master\ForkWorkerManagerTest" classname="Duyler.WorkerPool.Tests.Unit.Master.ForkWorkerManagerTest" assertions="2" time="30.064965"/>
      </testsuite>
      <testsuite name="Duyler\WorkerPool\Tests\Unit\Master\MasterCoverageTest" file="/app/tests/Unit/Master/MasterCoverageTest.php" tests="7" assertions="18" errors="0" failures="0" skipped="0" time="0.006078">
        <testcase name="centralizedMasterGetMetricsWithWorkers" file="/app/tests/Unit/Master/MasterCoverageTest.php" line="51" class="Duyler\WorkerPool\Tests\Unit\Master\MasterCoverageTest" classname="Duyler.WorkerPool.Tests.Unit.Master.MasterCoverageTest" assertions="5" time="0.002412"/>
        <testcase name="centralizedMasterGetBalancer" file="/app/tests/Unit/Master/MasterCoverageTest.php" line="87" class="Duyler\WorkerPool\Tests\Unit\Master\MasterCoverageTest" classname="Duyler.WorkerPool.Tests.Unit.Master.MasterCoverageTest" assertions="1" time="0.000539"/>
        <testcase name="sharedSocketMasterGetMetricsWithWorkers" file="/app/tests/Unit/Master/MasterCoverageTest.php" line="108" class="Duyler\WorkerPool\Tests\Unit\Master\MasterCoverageTest" classname="Duyler.WorkerPool.Tests.Unit.Master.MasterCoverageTest" assertions="5" time="0.000706"/>
        <testcase name="centralizedMasterStopSetsShouldStop" file="/app/tests/Unit/Master/MasterCoverageTest.php" line="138" class="Duyler\WorkerPool\Tests\Unit\Master\MasterCoverageTest" classname="Duyler.WorkerPool.Tests.Unit.Master.MasterCoverageTest" assertions="2" time="0.000390"/>
        <testcase name="sharedSocketMasterStopSetsShouldStop" file="/app/tests/Unit/Master/MasterCoverageTest.php" line="160" class="Duyler\WorkerPool\Tests\Unit\Master\MasterCoverageTest" classname="Duyler.WorkerPool.Tests.Unit.Master.MasterCoverageTest" assertions="2" time="0.000661"/>
        <testcase name="centralizedMasterGetWorkerCount" file="/app/tests/Unit/Master/MasterCoverageTest.php" line="180" class="Duyler\WorkerPool\Tests\Unit\Master\MasterCoverageTest" classname="Duyler.WorkerPool.Tests.Unit.Master.MasterCoverageTest" assertions="2" time="0.000757"/>
        <testcase name="centralizedMasterGetWorkers" file="/app/tests/Unit/Master/MasterCoverageTest.php" line="207" class="Duyler\WorkerPool\Tests\Unit\Master\MasterCoverageTest" classname="Duyler.WorkerPool.Tests.Unit.Master.MasterCoverageTest" assertions="1" time="0.000613"/>
      </testsuite>
      <testsuite name="Duyler\WorkerPool\Tests\Unit\Master\MasterFactoryTest" file="/app/tests/Unit/Master/MasterFactoryTest.php" tests="14" assertions="31" errors="0" failures="0" skipped="0" time="0.010064">
        <testcase name="testCreatesSharedSocketMasterWhenFdPassingNotSupported" file="/app/tests/Unit/Master/MasterFactoryTest.php" line="70" class="Duyler\WorkerPool\Tests\Unit\Master\MasterFactoryTest" classname="Duyler.WorkerPool.Tests.Unit.Master.MasterFactoryTest" assertions="1" time="0.005519"/>
        <testcase name="testCreatesCentralizedMasterWhenFdPassingSupportedAndBalancerProvided" file="/app/tests/Unit/Master/MasterFactoryTest.php" line="82" class="Duyler\WorkerPool\Tests\Unit\Master\MasterFactoryTest" classname="Duyler.WorkerPool.Tests.Unit.Master.MasterFactoryTest" assertions="1" time="0.000539"/>
        <testcase name="testCreatesRecommendedMaster" file="/app/tests/Unit/Master/MasterFactoryTest.php" line="104" class="Duyler\WorkerPool\Tests\Unit\Master\MasterFactoryTest" classname="Duyler.WorkerPool.Tests.Unit.Master.MasterFactoryTest" assertions="1" time="0.000455"/>
        <testcase name="testCreatesMasterWithEventDrivenWorker" file="/app/tests/Unit/Master/MasterFactoryTest.php" line="157" class="Duyler\WorkerPool\Tests\Unit\Master\MasterFactoryTest" classname="Duyler.WorkerPool.Tests.Unit.Master.MasterFactoryTest" assertions="1" time="0.000290"/>
        <testcase name="testCreatesRecommendedMasterWithEventDrivenWorker" file="/app/tests/Unit/Master/MasterFactoryTest.php" line="172" class="Duyler\WorkerPool\Tests\Unit\Master\MasterFactoryTest" classname="Duyler.WorkerPool.Tests.Unit.Master.MasterFactoryTest" assertions="1" time="0.000277"/>
        <testcase name="testAcceptsBothWorkerCallbackAndEventDrivenWorker" file="/app/tests/Unit/Master/MasterFactoryTest.php" line="209" class="Duyler\WorkerPool\Tests\Unit\Master\MasterFactoryTest" classname="Duyler.WorkerPool.Tests.Unit.Master.MasterFactoryTest" assertions="1" time="0.000362"/>
        <testcase name="testCreatesSharedSocketMasterWithEventDrivenWorkerWhenNoBalancer" file="/app/tests/Unit/Master/MasterFactoryTest.php" line="225" class="Duyler\WorkerPool\Tests\Unit\Master\MasterFactoryTest" classname="Duyler.WorkerPool.Tests.Unit.Master.MasterFactoryTest" assertions="1" time="0.000253"/>
        <testcase name="testCreatesCentralizedMasterWithEventDrivenWorkerWhenFdPassingSupported" file="/app/tests/Unit/Master/MasterFactoryTest.php" line="241" class="Duyler\WorkerPool\Tests\Unit\Master\MasterFactoryTest" classname="Duyler.WorkerPool.Tests.Unit.Master.MasterFactoryTest" assertions="1" time="0.000385"/>
        <testcase name="testCreatesMasterInstance" file="/app/tests/Unit/Master/MasterFactoryTest.php" line="59" class="Duyler\WorkerPool\Tests\Unit\Master\MasterFactoryTest" classname="Duyler.WorkerPool.Tests.Unit.Master.MasterFactoryTest" assertions="1" time="0.000275"/>
        <testcase name="testReturnsRecommendedMasterName" file="/app/tests/Unit/Master/MasterFactoryTest.php" line="115" class="Duyler\WorkerPool\Tests\Unit\Master\MasterFactoryTest" classname="Duyler.WorkerPool.Tests.Unit.Master.MasterFactoryTest" assertions="3" time="0.000360"/>
        <testcase name="testReturnsComparisonArray" file="/app/tests/Unit/Master/MasterFactoryTest.php" line="124" class="Duyler\WorkerPool\Tests\Unit\Master\MasterFactoryTest" classname="Duyler.WorkerPool.Tests.Unit.Master.MasterFactoryTest" assertions="11" time="0.000287"/>
        <testcase name="testComparisonProvidesUsefulInformation" file="/app/tests/Unit/Master/MasterFactoryTest.php" line="143" class="Duyler\WorkerPool\Tests\Unit\Master\MasterFactoryTest" classname="Duyler.WorkerPool.Tests.Unit.Master.MasterFactoryTest" assertions="4" time="0.000236"/>
        <testcase name="testThrowsExceptionWhenNoWorkerInterfaceProvidedInCreate" file="/app/tests/Unit/Master/MasterFactoryTest.php" line="187" class="Duyler\WorkerPool\Tests\Unit\Master\MasterFactoryTest" classname="Duyler.WorkerPool.Tests.Unit.Master.MasterFactoryTest" assertions="2" time="0.000444"/>
        <testcase name="testThrowsExceptionWhenNoWorkerInterfaceProvidedInCreateRecommended" file="/app/tests/Unit/Master/MasterFactoryTest.php" line="198" class="Duyler\WorkerPool\Tests\Unit\Master\MasterFactoryTest" classname="Duyler.WorkerPool.Tests.Unit.Master.MasterFactoryTest" assertions="2" time="0.000382"/>
      </testsuite>
      <testsuite name="Duyler\WorkerPool\Tests\Unit\Master\MasterMetricsTest" file="/app/tests/Unit/Master/MasterMetricsTest.php" tests="4" assertions="31" errors="0" failures="0" skipped="0" time="0.001746">
        <testcase name="testCentralizedMasterReturnsMetrics" file="/app/tests/Unit/Master/MasterMetricsTest.php" line="60" class="Duyler\WorkerPool\Tests\Unit\Master\MasterMetricsTest" classname="Duyler.WorkerPool.Tests.Unit.Master.MasterMetricsTest" assertions="13" time="0.000474"/>
        <testcase name="testSharedSocketMasterReturnsMetrics" file="/app/tests/Unit/Master/MasterMetricsTest.php" line="90" class="Duyler\WorkerPool\Tests\Unit\Master\MasterMetricsTest" classname="Duyler.WorkerPool.Tests.Unit.Master.MasterMetricsTest" assertions="11" time="0.000479"/>
        <testcase name="testMetricsIncludeArchitectureInfo" file="/app/tests/Unit/Master/MasterMetricsTest.php" line="116" class="Duyler\WorkerPool\Tests\Unit\Master\MasterMetricsTest" classname="Duyler.WorkerPool.Tests.Unit.Master.MasterMetricsTest" assertions="3" time="0.000454"/>
        <testcase name="testMetricsReflectRunningState" file="/app/tests/Unit/Master/MasterMetricsTest.php" line="144" class="Duyler\WorkerPool\Tests\Unit\Master\MasterMetricsTest" classname="Duyler.WorkerPool.Tests.Unit.Master.MasterMetricsTest" assertions="4" time="0.000340"/>
      </testsuite>
      <testsuite name="Duyler\WorkerPool\Tests\Unit\Master\SharedSocketMasterEventDrivenTest" file="/app/tests/Unit/Master/SharedSocketMasterEventDrivenTest.php" tests="5" assertions="7" errors="0" failures="0" skipped="0" time="0.001696">
        <testcase name="testCreatesMasterWithEventDrivenWorker" file="/app/tests/Unit/Master/SharedSocketMasterEventDrivenTest.php" line="48" class="Duyler\WorkerPool\Tests\Unit\Master\SharedSocketMasterEventDrivenTest" classname="Duyler.WorkerPool.Tests.Unit.Master.SharedSocketMasterEventDrivenTest" assertions="1" time="0.000396"/>
        <testcase name="testCreatesMasterWithWorkerCallback" file="/app/tests/Unit/Master/SharedSocketMasterEventDrivenTest.php" line="65" class="Duyler\WorkerPool\Tests\Unit\Master\SharedSocketMasterEventDrivenTest" classname="Duyler.WorkerPool.Tests.Unit.Master.SharedSocketMasterEventDrivenTest" assertions="1" time="0.000348"/>
        <testcase name="testAcceptsBothWorkerInterfaces" file="/app/tests/Unit/Master/SharedSocketMasterEventDrivenTest.php" line="97" class="Duyler\WorkerPool\Tests\Unit\Master\SharedSocketMasterEventDrivenTest" classname="Duyler.WorkerPool.Tests.Unit.Master.SharedSocketMasterEventDrivenTest" assertions="1" time="0.000293"/>
        <testcase name="testEventDrivenWorkerCanBeInstantiated" file="/app/tests/Unit/Master/SharedSocketMasterEventDrivenTest.php" line="119" class="Duyler\WorkerPool\Tests\Unit\Master\SharedSocketMasterEventDrivenTest" classname="Duyler.WorkerPool.Tests.Unit.Master.SharedSocketMasterEventDrivenTest" assertions="2" time="0.000281"/>
        <testcase name="testThrowsExceptionWhenNoWorkerInterfaceProvided" file="/app/tests/Unit/Master/SharedSocketMasterEventDrivenTest.php" line="82" class="Duyler\WorkerPool\Tests\Unit\Master\SharedSocketMasterEventDrivenTest" classname="Duyler.WorkerPool.Tests.Unit.Master.SharedSocketMasterEventDrivenTest" assertions="2" time="0.000378"/>
      </testsuite>
      <testsuite name="Duyler\WorkerPool\Tests\Unit\Master\SharedSocketMasterExtendedTest" file="/app/tests/Unit/Master/SharedSocketMasterExtendedTest.php" tests="12" assertions="26" errors="0" failures="0" skipped="0" time="0.005537">
        <testcase name="testCreatesMasterWithWorkerCallback" file="/app/tests/Unit/Master/SharedSocketMasterExtendedTest.php" line="54" class="Duyler\WorkerPool\Tests\Unit\Master\SharedSocketMasterExtendedTest" classname="Duyler.WorkerPool.Tests.Unit.Master.SharedSocketMasterExtendedTest" assertions="2" time="0.000303"/>
        <testcase name="testGetMetricsReturnsCorrectStructure" file="/app/tests/Unit/Master/SharedSocketMasterExtendedTest.php" line="72" class="Duyler\WorkerPool\Tests\Unit\Master\SharedSocketMasterExtendedTest" classname="Duyler.WorkerPool.Tests.Unit.Master.SharedSocketMasterExtendedTest" assertions="11" time="0.000264"/>
        <testcase name="testStopChangesRunningState" file="/app/tests/Unit/Master/SharedSocketMasterExtendedTest.php" line="101" class="Duyler\WorkerPool\Tests\Unit\Master\SharedSocketMasterExtendedTest" classname="Duyler.WorkerPool.Tests.Unit.Master.SharedSocketMasterExtendedTest" assertions="2" time="0.000269"/>
        <testcase name="testIsRunningReturnsTrueInitially" file="/app/tests/Unit/Master/SharedSocketMasterExtendedTest.php" line="122" class="Duyler\WorkerPool\Tests\Unit\Master\SharedSocketMasterExtendedTest" classname="Duyler.WorkerPool.Tests.Unit.Master.SharedSocketMasterExtendedTest" assertions="1" time="0.000260"/>
        <testcase name="testGetWorkersReturnsEmptyArrayInitially" file="/app/tests/Unit/Master/SharedSocketMasterExtendedTest.php" line="139" class="Duyler\WorkerPool\Tests\Unit\Master\SharedSocketMasterExtendedTest" classname="Duyler.WorkerPool.Tests.Unit.Master.SharedSocketMasterExtendedTest" assertions="2" time="0.000309"/>
        <testcase name="testCreatesMasterWithLogger" file="/app/tests/Unit/Master/SharedSocketMasterExtendedTest.php" line="158" class="Duyler\WorkerPool\Tests\Unit\Master\SharedSocketMasterExtendedTest" classname="Duyler.WorkerPool.Tests.Unit.Master.SharedSocketMasterExtendedTest" assertions="1" time="0.000509"/>
        <testcase name="testHandlesMultipleWorkers" file="/app/tests/Unit/Master/SharedSocketMasterExtendedTest.php" line="178" class="Duyler\WorkerPool\Tests\Unit\Master\SharedSocketMasterExtendedTest" classname="Duyler.WorkerPool.Tests.Unit.Master.SharedSocketMasterExtendedTest" assertions="1" time="0.000408"/>
        <testcase name="testHandlesAutoRestartEnabled" file="/app/tests/Unit/Master/SharedSocketMasterExtendedTest.php" line="206" class="Duyler\WorkerPool\Tests\Unit\Master\SharedSocketMasterExtendedTest" classname="Duyler.WorkerPool.Tests.Unit.Master.SharedSocketMasterExtendedTest" assertions="1" time="0.000655"/>
        <testcase name="testHandlesPollIntervalConfig" file="/app/tests/Unit/Master/SharedSocketMasterExtendedTest.php" line="235" class="Duyler\WorkerPool\Tests\Unit\Master\SharedSocketMasterExtendedTest" classname="Duyler.WorkerPool.Tests.Unit.Master.SharedSocketMasterExtendedTest" assertions="1" time="0.000456"/>
        <testcase name="testHandlesMaxQueueSizeConfig" file="/app/tests/Unit/Master/SharedSocketMasterExtendedTest.php" line="264" class="Duyler\WorkerPool\Tests\Unit\Master\SharedSocketMasterExtendedTest" classname="Duyler.WorkerPool.Tests.Unit.Master.SharedSocketMasterExtendedTest" assertions="1" time="0.000594"/>
        <testcase name="testHandlesMaxIpcMessageSizeConfig" file="/app/tests/Unit/Master/SharedSocketMasterExtendedTest.php" line="293" class="Duyler\WorkerPool\Tests\Unit\Master\SharedSocketMasterExtendedTest" classname="Duyler.WorkerPool.Tests.Unit.Master.SharedSocketMasterExtendedTest" assertions="1" time="0.000539"/>
        <testcase name="testThrowsExceptionWhenNeitherWorkerCallbackNorEventDrivenWorkerProvided" file="/app/tests/Unit/Master/SharedSocketMasterExtendedTest.php" line="46" class="Duyler\WorkerPool\Tests\Unit\Master\SharedSocketMasterExtendedTest" classname="Duyler.WorkerPool.Tests.Unit.Master.SharedSocketMasterExtendedTest" assertions="2" time="0.000971"/>
      </testsuite>
      <testsuite name="Duyler\WorkerPool\Tests\Unit\Master\SocketManagerCoverageTest" file="/app/tests/Unit/Master/SocketManagerCoverageTest.php" tests="8" assertions="14" errors="0" failures="0" skipped="0" time="0.005607">
        <testcase name="listenCreatesSocket" file="/app/tests/Unit/Master/SocketManagerCoverageTest.php" line="29" class="Duyler\WorkerPool\Tests\Unit\Master\SocketManagerCoverageTest" classname="Duyler.WorkerPool.Tests.Unit.Master.SocketManagerCoverageTest" assertions="2" time="0.001693"/>
        <testcase name="closeStopsListening" file="/app/tests/Unit/Master/SocketManagerCoverageTest.php" line="41" class="Duyler\WorkerPool\Tests\Unit\Master\SocketManagerCoverageTest" classname="Duyler.WorkerPool.Tests.Unit.Master.SocketManagerCoverageTest" assertions="3" time="0.001816"/>
        <testcase name="detachFromWorkerDisconnects" file="/app/tests/Unit/Master/SocketManagerCoverageTest.php" line="55" class="Duyler\WorkerPool\Tests\Unit\Master\SocketManagerCoverageTest" classname="Duyler.WorkerPool.Tests.Unit.Master.SocketManagerCoverageTest" assertions="2" time="0.000308"/>
        <testcase name="disableAutoClosePreventsDestructorClose" file="/app/tests/Unit/Master/SocketManagerCoverageTest.php" line="67" class="Duyler\WorkerPool\Tests\Unit\Master\SocketManagerCoverageTest" classname="Duyler.WorkerPool.Tests.Unit.Master.SocketManagerCoverageTest" assertions="2" time="0.000265"/>
        <testcase name="acceptReturnsNullWhenNoConnections" file="/app/tests/Unit/Master/SocketManagerCoverageTest.php" line="82" class="Duyler\WorkerPool\Tests\Unit\Master\SocketManagerCoverageTest" classname="Duyler.WorkerPool.Tests.Unit.Master.SocketManagerCoverageTest" assertions="1" time="0.000448"/>
        <testcase name="closeIsIdempotent" file="/app/tests/Unit/Master/SocketManagerCoverageTest.php" line="95" class="Duyler\WorkerPool\Tests\Unit\Master\SocketManagerCoverageTest" classname="Duyler.WorkerPool.Tests.Unit.Master.SocketManagerCoverageTest" assertions="1" time="0.000247"/>
        <testcase name="constructorWithCustomLogger" file="/app/tests/Unit/Master/SocketManagerCoverageTest.php" line="106" class="Duyler\WorkerPool\Tests\Unit\Master\SocketManagerCoverageTest" classname="Duyler.WorkerPool.Tests.Unit.Master.SocketManagerCoverageTest" assertions="1" time="0.000459"/>
        <testcase name="destructorClosesSocket" file="/app/tests/Unit/Master/SocketManagerCoverageTest.php" line="115" class="Duyler\WorkerPool\Tests\Unit\Master\SocketManagerCoverageTest" classname="Duyler.WorkerPool.Tests.Unit.Master.SocketManagerCoverageTest" assertions="2" time="0.000370"/>
      </testsuite>
      <testsuite name="Duyler\WorkerPool\Tests\Unit\Master\SocketManagerTest" file="/app/tests/Unit/Master/SocketManagerTest.php" tests="9" assertions="17" errors="0" failures="0" skipped="0" time="0.014978">
        <testcase name="testCreatesSocketManager" file="/app/tests/Unit/Master/SocketManagerTest.php" line="39" class="Duyler\WorkerPool\Tests\Unit\Master\SocketManagerTest" classname="Duyler.WorkerPool.Tests.Unit.Master.SocketManagerTest" assertions="2" time="0.000484"/>
        <testcase name="testStartsListening" file="/app/tests/Unit/Master/SocketManagerTest.php" line="47" class="Duyler\WorkerPool\Tests\Unit\Master\SocketManagerTest" classname="Duyler.WorkerPool.Tests.Unit.Master.SocketManagerTest" assertions="2" time="0.000340"/>
        <testcase name="testDoesNotThrowOnMultipleListenCalls" file="/app/tests/Unit/Master/SocketManagerTest.php" line="59" class="Duyler\WorkerPool\Tests\Unit\Master\SocketManagerTest" classname="Duyler.WorkerPool.Tests.Unit.Master.SocketManagerTest" assertions="1" time="0.000351"/>
        <testcase name="testClosesSocket" file="/app/tests/Unit/Master/SocketManagerTest.php" line="71" class="Duyler\WorkerPool\Tests\Unit\Master\SocketManagerTest" classname="Duyler.WorkerPool.Tests.Unit.Master.SocketManagerTest" assertions="3" time="0.000295"/>
        <testcase name="testReturnsNullWhenNoConnections" file="/app/tests/Unit/Master/SocketManagerTest.php" line="84" class="Duyler\WorkerPool\Tests\Unit\Master\SocketManagerTest" classname="Duyler.WorkerPool.Tests.Unit.Master.SocketManagerTest" assertions="1" time="0.000437"/>
        <testcase name="testReturnsNullWhenNotListening" file="/app/tests/Unit/Master/SocketManagerTest.php" line="97" class="Duyler\WorkerPool\Tests\Unit\Master\SocketManagerTest" classname="Duyler.WorkerPool.Tests.Unit.Master.SocketManagerTest" assertions="1" time="0.000286"/>
        <testcase name="testCleansUpOnDestruct" file="/app/tests/Unit/Master/SocketManagerTest.php" line="152" class="Duyler\WorkerPool\Tests\Unit\Master\SocketManagerTest" classname="Duyler.WorkerPool.Tests.Unit.Master.SocketManagerTest" assertions="2" time="0.000308"/>
        <testcase name="testThrowsOnInvalidBind" file="/app/tests/Unit/Master/SocketManagerTest.php" line="137" class="Duyler\WorkerPool\Tests\Unit\Master\SocketManagerTest" classname="Duyler.WorkerPool.Tests.Unit.Master.SocketManagerTest" assertions="2" time="0.001167"/>
        <testcase name="testAcceptsConnection" file="/app/tests/Unit/Master/SocketManagerTest.php" line="106" class="Duyler\WorkerPool\Tests\Unit\Master\SocketManagerTest" classname="Duyler.WorkerPool.Tests.Unit.Master.SocketManagerTest" assertions="3" time="0.011311"/>
      </testsuite>
      <testsuite name="Duyler\WorkerPool\Tests\Unit\Master\WorkerManagerCoverageTest" file="/app/tests/Unit/Master/WorkerManagerCoverageTest.php" tests="8" assertions="15" errors="0" failures="0" skipped="0" time="0.002729">
        <testcase name="getWorkersReturnsEmptyArrayInitially" file="/app/tests/Unit/Master/WorkerManagerCoverageTest.php" line="29" class="Duyler\WorkerPool\Tests\Unit\Master\WorkerManagerCoverageTest" classname="Duyler.WorkerPool.Tests.Unit.Master.WorkerManagerCoverageTest" assertions="1" time="0.000269"/>
        <testcase name="getWorkerReturnsNullForUnknownWorker" file="/app/tests/Unit/Master/WorkerManagerCoverageTest.php" line="35" class="Duyler\WorkerPool\Tests\Unit\Master\WorkerManagerCoverageTest" classname="Duyler.WorkerPool.Tests.Unit.Master.WorkerManagerCoverageTest" assertions="1" time="0.000272"/>
        <testcase name="removeWorkerRemovesFromList" file="/app/tests/Unit/Master/WorkerManagerCoverageTest.php" line="41" class="Duyler\WorkerPool\Tests\Unit\Master\WorkerManagerCoverageTest" classname="Duyler.WorkerPool.Tests.Unit.Master.WorkerManagerCoverageTest" assertions="2" time="0.000331"/>
        <testcase name="updateWorkerStoresProcessInfo" file="/app/tests/Unit/Master/WorkerManagerCoverageTest.php" line="58" class="Duyler\WorkerPool\Tests\Unit\Master\WorkerManagerCoverageTest" classname="Duyler.WorkerPool.Tests.Unit.Master.WorkerManagerCoverageTest" assertions="4" time="0.000271"/>
        <testcase name="countAliveReturnsZeroForNoWorkers" file="/app/tests/Unit/Master/WorkerManagerCoverageTest.php" line="77" class="Duyler\WorkerPool\Tests\Unit\Master\WorkerManagerCoverageTest" classname="Duyler.WorkerPool.Tests.Unit.Master.WorkerManagerCoverageTest" assertions="1" time="0.000231"/>
        <testcase name="countAliveCountsAliveWorkers" file="/app/tests/Unit/Master/WorkerManagerCoverageTest.php" line="83" class="Duyler\WorkerPool\Tests\Unit\Master\WorkerManagerCoverageTest" classname="Duyler.WorkerPool.Tests.Unit.Master.WorkerManagerCoverageTest" assertions="1" time="0.000224"/>
        <testcase name="getWorkersReturnsAllWorkers" file="/app/tests/Unit/Master/WorkerManagerCoverageTest.php" line="95" class="Duyler\WorkerPool\Tests\Unit\Master\WorkerManagerCoverageTest" classname="Duyler.WorkerPool.Tests.Unit.Master.WorkerManagerCoverageTest" assertions="3" time="0.000720"/>
        <testcase name="updateWorkerOverwritesExisting" file="/app/tests/Unit/Master/WorkerManagerCoverageTest.php" line="110" class="Duyler\WorkerPool\Tests\Unit\Master\WorkerManagerCoverageTest" classname="Duyler.WorkerPool.Tests.Unit.Master.WorkerManagerCoverageTest" assertions="2" time="0.000413"/>
      </testsuite>
      <testsuite name="Duyler\WorkerPool\Tests\Unit\Master\WorkerManagerTest" file="/app/tests/Unit/Master/WorkerManagerTest.php" tests="5" assertions="9" errors="0" failures="0" skipped="0" time="0.003374">
        <testcase name="testStartsWithEmptyWorkers" file="/app/tests/Unit/Master/WorkerManagerTest.php" line="43" class="Duyler\WorkerPool\Tests\Unit\Master\WorkerManagerTest" classname="Duyler.WorkerPool.Tests.Unit.Master.WorkerManagerTest" assertions="2" time="0.000453"/>
        <testcase name="testCanGetWorkerById" file="/app/tests/Unit/Master/WorkerManagerTest.php" line="51" class="Duyler\WorkerPool\Tests\Unit\Master\WorkerManagerTest" classname="Duyler.WorkerPool.Tests.Unit.Master.WorkerManagerTest" assertions="1" time="0.000343"/>
        <testcase name="testCanUpdateWorker" file="/app/tests/Unit/Master/WorkerManagerTest.php" line="58" class="Duyler\WorkerPool\Tests\Unit\Master\WorkerManagerTest" classname="Duyler.WorkerPool.Tests.Unit.Master.WorkerManagerTest" assertions="3" time="0.001364"/>
        <testcase name="testCanRemoveWorker" file="/app/tests/Unit/Master/WorkerManagerTest.php" line="76" class="Duyler\WorkerPool\Tests\Unit\Master\WorkerManagerTest" classname="Duyler.WorkerPool.Tests.Unit.Master.WorkerManagerTest" assertions="2" time="0.000868"/>
        <testcase name="testCountsAliveWorkers" file="/app/tests/Unit/Master/WorkerManagerTest.php" line="94" class="Duyler\WorkerPool\Tests\Unit\Master\WorkerManagerTest" classname="Duyler.WorkerPool.Tests.Unit.Master.WorkerManagerTest" assertions="1" time="0.000347"/>
      </testsuite>
      <testsuite name="Duyler\WorkerPool\Tests\Unit\Process\ProcessInfoTest" file="/app/tests/Unit/Process/ProcessInfoTest.php" tests="15" assertions="59" errors="0" failures="0" skipped="0" time="0.015486">
        <testcase name="testCreatesProcessInfoWithDefaults" file="/app/tests/Unit/Process/ProcessInfoTest.php" line="17" class="Duyler\WorkerPool\Tests\Unit\Process\ProcessInfoTest" classname="Duyler.WorkerPool.Tests.Unit.Process.ProcessInfoTest" assertions="8" time="0.000273"/>
        <testcase name="testCreatesProcessInfoWithAllParams" file="/app/tests/Unit/Process/ProcessInfoTest.php" line="36" class="Duyler\WorkerPool\Tests\Unit\Process\ProcessInfoTest" classname="Duyler.WorkerPool.Tests.Unit.Process.ProcessInfoTest" assertions="8" time="0.000240"/>
        <testcase name="testReturnsNewInstanceWithStateChange" file="/app/tests/Unit/Process/ProcessInfoTest.php" line="63" class="Duyler\WorkerPool\Tests\Unit\Process\ProcessInfoTest" classname="Duyler.WorkerPool.Tests.Unit.Process.ProcessInfoTest" assertions="5" time="0.000259"/>
        <testcase name="testReturnsNewInstanceWithConnectionsChange" file="/app/tests/Unit/Process/ProcessInfoTest.php" line="81" class="Duyler\WorkerPool\Tests\Unit\Process\ProcessInfoTest" classname="Duyler.WorkerPool.Tests.Unit.Process.ProcessInfoTest" assertions="3" time="0.000271"/>
        <testcase name="testIncrementsRequestsCounter" file="/app/tests/Unit/Process/ProcessInfoTest.php" line="98" class="Duyler\WorkerPool\Tests\Unit\Process\ProcessInfoTest" classname="Duyler.WorkerPool.Tests.Unit.Process.ProcessInfoTest" assertions="3" time="0.000270"/>
        <testcase name="testUpdatesMemoryUsage" file="/app/tests/Unit/Process/ProcessInfoTest.php" line="132" class="Duyler\WorkerPool\Tests\Unit\Process\ProcessInfoTest" classname="Duyler.WorkerPool.Tests.Unit.Process.ProcessInfoTest" assertions="3" time="0.000237"/>
        <testcase name="testCalculatesUptime" file="/app/tests/Unit/Process/ProcessInfoTest.php" line="149" class="Duyler\WorkerPool\Tests\Unit\Process\ProcessInfoTest" classname="Duyler.WorkerPool.Tests.Unit.Process.ProcessInfoTest" assertions="4" time="0.000768"/>
        <testcase name="testCalculatesIdleTime" file="/app/tests/Unit/Process/ProcessInfoTest.php" line="167" class="Duyler\WorkerPool\Tests\Unit\Process\ProcessInfoTest" classname="Duyler.WorkerPool.Tests.Unit.Process.ProcessInfoTest" assertions="4" time="0.000325"/>
        <testcase name="testChecksIfProcessIsAlive" file="/app/tests/Unit/Process/ProcessInfoTest.php" line="185" class="Duyler\WorkerPool\Tests\Unit\Process\ProcessInfoTest" classname="Duyler.WorkerPool.Tests.Unit.Process.ProcessInfoTest" assertions="1" time="0.000296"/>
        <testcase name="testReturnsFalseForDeadProcess" file="/app/tests/Unit/Process/ProcessInfoTest.php" line="199" class="Duyler\WorkerPool\Tests\Unit\Process\ProcessInfoTest" classname="Duyler.WorkerPool.Tests.Unit.Process.ProcessInfoTest" assertions="1" time="0.000255"/>
        <testcase name="testReturnsFalseForZeroPid" file="/app/tests/Unit/Process/ProcessInfoTest.php" line="211" class="Duyler\WorkerPool\Tests\Unit\Process\ProcessInfoTest" classname="Duyler.WorkerPool.Tests.Unit.Process.ProcessInfoTest" assertions="1" time="0.000163"/>
        <testcase name="testReturnsFalseForNegativePid" file="/app/tests/Unit/Process/ProcessInfoTest.php" line="223" class="Duyler\WorkerPool\Tests\Unit\Process\ProcessInfoTest" classname="Duyler.WorkerPool.Tests.Unit.Process.ProcessInfoTest" assertions="1" time="0.000174"/>
        <testcase name="testConvertsToArray" file="/app/tests/Unit/Process/ProcessInfoTest.php" line="235" class="Duyler\WorkerPool\Tests\Unit\Process\ProcessInfoTest" classname="Duyler.WorkerPool.Tests.Unit.Process.ProcessInfoTest" assertions="12" time="0.000221"/>
        <testcase name="testImmutabilityPreservesOriginal" file="/app/tests/Unit/Process/ProcessInfoTest.php" line="268" class="Duyler\WorkerPool\Tests\Unit\Process\ProcessInfoTest" classname="Duyler.WorkerPool.Tests.Unit.Process.ProcessInfoTest" assertions="4" time="0.000245"/>
        <testcase name="testUpdatesLastActivityOnRequestIncrement" file="/app/tests/Unit/Process/ProcessInfoTest.php" line="116" class="Duyler\WorkerPool\Tests\Unit\Process\ProcessInfoTest" classname="Duyler.WorkerPool.Tests.Unit.Process.ProcessInfoTest" assertions="1" time="0.011489"/>
      </testsuite>
      <testsuite name="Duyler\WorkerPool\Tests\Unit\Worker\HttpWorkerAdapterCoverageTest" file="/app/tests/Unit/Worker/HttpWorkerAdapterCoverageTest.php" tests="6" assertions="8" errors="0" failures="0" skipped="0" time="0.021105">
        <testcase name="createsAdapterWithHttpParser" file="/app/tests/Unit/Worker/HttpWorkerAdapterCoverageTest.php" line="33" class="Duyler\WorkerPool\Tests\Unit\Worker\HttpWorkerAdapterCoverageTest" classname="Duyler.WorkerPool.Tests.Unit.Worker.HttpWorkerAdapterCoverageTest" assertions="1" time="0.009287"/>
        <testcase name="handleConnectionWithPostRequest" file="/app/tests/Unit/Worker/HttpWorkerAdapterCoverageTest.php" line="70" class="Duyler\WorkerPool\Tests\Unit\Worker\HttpWorkerAdapterCoverageTest" classname="Duyler.WorkerPool.Tests.Unit.Worker.HttpWorkerAdapterCoverageTest" assertions="1" time="0.010420"/>
        <testcase name="handleConnectionWithMetadata" file="/app/tests/Unit/Worker/HttpWorkerAdapterCoverageTest.php" line="99" class="Duyler\WorkerPool\Tests\Unit\Worker\HttpWorkerAdapterCoverageTest" classname="Duyler.WorkerPool.Tests.Unit.Worker.HttpWorkerAdapterCoverageTest" assertions="1" time="0.000462"/>
        <testcase name="handleConnectionWithMultipleHeaders" file="/app/tests/Unit/Worker/HttpWorkerAdapterCoverageTest.php" line="127" class="Duyler\WorkerPool\Tests\Unit\Worker\HttpWorkerAdapterCoverageTest" classname="Duyler.WorkerPool.Tests.Unit.Worker.HttpWorkerAdapterCoverageTest" assertions="1" time="0.000362"/>
        <testcase name="handleConnectionWithIncompleteHeaders" file="/app/tests/Unit/Worker/HttpWorkerAdapterCoverageTest.php" line="155" class="Duyler\WorkerPool\Tests\Unit\Worker\HttpWorkerAdapterCoverageTest" classname="Duyler.WorkerPool.Tests.Unit.Worker.HttpWorkerAdapterCoverageTest" assertions="1" time="0.000284"/>
        <testcase name="handleConnectionWithValidGetRequest" file="/app/tests/Unit/Worker/HttpWorkerAdapterCoverageTest.php" line="40" class="Duyler\WorkerPool\Tests\Unit\Worker\HttpWorkerAdapterCoverageTest" classname="Duyler.WorkerPool.Tests.Unit.Worker.HttpWorkerAdapterCoverageTest" assertions="3" time="0.000289"/>
      </testsuite>
      <testsuite name="Duyler\WorkerPool\Tests\Unit\Worker\HttpWorkerAdapterTest" file="/app/tests/Unit/Worker/HttpWorkerAdapterTest.php" tests="11" assertions="20" errors="0" failures="0" skipped="0" time="61.472035">
        <testcase name="testCreatesAdapter" file="/app/tests/Unit/Worker/HttpWorkerAdapterTest.php" line="45" class="Duyler\WorkerPool\Tests\Unit\Worker\HttpWorkerAdapterTest" classname="Duyler.WorkerPool.Tests.Unit.Worker.HttpWorkerAdapterTest" assertions="1" time="0.000263"/>
        <testcase name="testHandlesSimpleHttpRequest" file="/app/tests/Unit/Worker/HttpWorkerAdapterTest.php" line="50" class="Duyler\WorkerPool\Tests\Unit\Worker\HttpWorkerAdapterTest" classname="Duyler.WorkerPool.Tests.Unit.Worker.HttpWorkerAdapterTest" assertions="3" time="0.033860"/>
        <testcase name="testReadsRequestWithBody" file="/app/tests/Unit/Worker/HttpWorkerAdapterTest.php" line="92" class="Duyler\WorkerPool\Tests\Unit\Worker\HttpWorkerAdapterTest" classname="Duyler.WorkerPool.Tests.Unit.Worker.HttpWorkerAdapterTest" assertions="2" time="0.012759"/>
        <testcase name="testHandlesRequestWithMetadata" file="/app/tests/Unit/Worker/HttpWorkerAdapterTest.php" line="227" class="Duyler\WorkerPool\Tests\Unit\Worker\HttpWorkerAdapterTest" classname="Duyler.WorkerPool.Tests.Unit.Worker.HttpWorkerAdapterTest" assertions="2" time="0.023116"/>
        <testcase name="testHandlesMalformedRequestLine" file="/app/tests/Unit/Worker/HttpWorkerAdapterTest.php" line="381" class="Duyler\WorkerPool\Tests\Unit\Worker\HttpWorkerAdapterTest" classname="Duyler.WorkerPool.Tests.Unit.Worker.HttpWorkerAdapterTest" assertions="2" time="0.015462"/>
        <testcase name="testHandlesInvalidHttpRequest" file="/app/tests/Unit/Worker/HttpWorkerAdapterTest.php" line="194" class="Duyler\WorkerPool\Tests\Unit\Worker\HttpWorkerAdapterTest" classname="Duyler.WorkerPool.Tests.Unit.Worker.HttpWorkerAdapterTest" assertions="2" time="0.020472"/>
        <testcase name="testHandlesChunkedRequestBody" file="/app/tests/Unit/Worker/HttpWorkerAdapterTest.php" line="307" class="Duyler\WorkerPool\Tests\Unit\Worker\HttpWorkerAdapterTest" classname="Duyler.WorkerPool.Tests.Unit.Worker.HttpWorkerAdapterTest" assertions="2" time="0.022040"/>
        <testcase name="testHandlesRequestWithMultipleHeaders" file="/app/tests/Unit/Worker/HttpWorkerAdapterTest.php" line="266" class="Duyler\WorkerPool\Tests\Unit\Worker\HttpWorkerAdapterTest" classname="Duyler.WorkerPool.Tests.Unit.Worker.HttpWorkerAdapterTest" assertions="2" time="0.014663"/>
[...]
        <testcase name="getCpuCoresCachesResult" file="/app/tests/Unit/Util/SystemInfoCoverageTest.php" line="62" class="Duyler\WorkerPool\Tests\Unit\Util\SystemInfoCoverageTest" classname="Duyler.WorkerPool.Tests.Unit.Util.SystemInfoCoverageTest" assertions="1" time="0.002336"/>
        <testcase name="constructorWithDefaultLogger" file="/app/tests/Unit/Util/SystemInfoCoverageTest.php" line="109" class="Duyler\WorkerPool\Tests\Unit\Util\SystemInfoCoverageTest" classname="Duyler.WorkerPool.Tests.Unit.Util.SystemInfoCoverageTest" assertions="2" time="0.001941"/>
        <testcase name="constructorWithCustomLogger" file="/app/tests/Unit/Util/SystemInfoCoverageTest.php" line="117" class="Duyler\WorkerPool\Tests\Unit\Util\SystemInfoCoverageTest" classname="Duyler.WorkerPool.Tests.Unit.Util.SystemInfoCoverageTest" assertions="2" time="0.001481"/>
        <testcase name="getCpuCoresLogsDebugOnSuccess" file="/app/tests/Unit/Util/SystemInfoCoverageTest.php" line="125" class="Duyler\WorkerPool\Tests\Unit\Util\SystemInfoCoverageTest" classname="Duyler.WorkerPool.Tests.Unit.Util.SystemInfoCoverageTest" assertions="1" time="0.001317"/>
        <testcase name="resetCacheClearsCachedCores" file="/app/tests/Unit/Util/SystemInfoCoverageTest.php" line="72" class="Duyler\WorkerPool\Tests\Unit\Util\SystemInfoCoverageTest" classname="Duyler.WorkerPool.Tests.Unit.Util.SystemInfoCoverageTest" assertions="4" time="0.001901"/>
      </testsuite>
      <testsuite name="Duyler\WorkerPool\Tests\Unit\Util\SystemInfoExtendedTest" file="/app/tests/Unit/Util/SystemInfoExtendedTest.php" tests="8" assertions="24" errors="0" failures="0" skipped="0" time="0.007533">
        <testcase name="testIsContainerEnvironmentReturnsBool" file="/app/tests/Unit/Util/SystemInfoExtendedTest.php" line="81" class="Duyler\WorkerPool\Tests\Unit\Util\SystemInfoExtendedTest" classname="Duyler.WorkerPool.Tests.Unit.Util.SystemInfoExtendedTest" assertions="1" time="0.000236"/>
        <testcase name="testSupportsFdPassingReturnsBool" file="/app/tests/Unit/Util/SystemInfoExtendedTest.php" line="90" class="Duyler\WorkerPool\Tests\Unit\Util\SystemInfoExtendedTest" classname="Duyler.WorkerPool.Tests.Unit.Util.SystemInfoExtendedTest" assertions="2" time="0.000269"/>
        <testcase name="testSupportsReusePortReturnsBool" file="/app/tests/Unit/Util/SystemInfoExtendedTest.php" line="103" class="Duyler\WorkerPool\Tests\Unit\Util\SystemInfoExtendedTest" classname="Duyler.WorkerPool.Tests.Unit.Util.SystemInfoExtendedTest" assertions="2" time="0.000243"/>
        <testcase name="testGetCpuCoresCachesResult" file="/app/tests/Unit/Util/SystemInfoExtendedTest.php" line="36" class="Duyler\WorkerPool\Tests\Unit\Util\SystemInfoExtendedTest" classname="Duyler.WorkerPool.Tests.Unit.Util.SystemInfoExtendedTest" assertions="2" time="0.001130"/>
        <testcase name="testGetCpuCoresLogsDebugOnSuccess" file="/app/tests/Unit/Util/SystemInfoExtendedTest.php" line="47" class="Duyler\WorkerPool\Tests\Unit\Util\SystemInfoExtendedTest" classname="Duyler.WorkerPool.Tests.Unit.Util.SystemInfoExtendedTest" assertions="3" time="0.001270"/>
        <testcase name="testGetOsInfoReturnsCorrectStructure" file="/app/tests/Unit/Util/SystemInfoExtendedTest.php" line="61" class="Duyler\WorkerPool\Tests\Unit\Util\SystemInfoExtendedTest" classname="Duyler.WorkerPool.Tests.Unit.Util.SystemInfoExtendedTest" assertions="11" time="0.000994"/>
        <testcase name="testResetCacheClearsCachedValue" file="/app/tests/Unit/Util/SystemInfoExtendedTest.php" line="116" class="Duyler\WorkerPool\Tests\Unit\Util\SystemInfoExtendedTest" classname="Duyler.WorkerPool.Tests.Unit.Util.SystemInfoExtendedTest" assertions="2" time="0.001674"/>
        <testcase name="testGetCpuCoresWithDifferentFallbackValues" file="/app/tests/Unit/Util/SystemInfoExtendedTest.php" line="128" class="Duyler\WorkerPool\Tests\Unit\Util\SystemInfoExtendedTest" classname="Duyler.WorkerPool.Tests.Unit.Util.SystemInfoExtendedTest" assertions="1" time="0.001716"/>
      </testsuite>
      <testsuite name="Duyler\WorkerPool\Tests\Unit\Util\SystemInfoFdPassingTest" file="/app/tests/Unit/Util/SystemInfoFdPassingTest.php" tests="3" assertions="3" errors="0" failures="0" skipped="1" time="0.000643">
        <testcase name="testSupportsFdPassingOnLinuxWithRequiredFunctions" file="/app/tests/Unit/Util/SystemInfoFdPassingTest.php" line="31" class="Duyler\WorkerPool\Tests\Unit\Util\SystemInfoFdPassingTest" classname="Duyler.WorkerPool.Tests.Unit.Util.SystemInfoFdPassingTest" assertions="1" time="0.000201"/>
        <testcase name="testChecksReusePortSupport" file="/app/tests/Unit/Util/SystemInfoFdPassingTest.php" line="53" class="Duyler\WorkerPool\Tests\Unit\Util\SystemInfoFdPassingTest" classname="Duyler.WorkerPool.Tests.Unit.Util.SystemInfoFdPassingTest" assertions="2" time="0.000208"/>
        <testcase name="testDoesNotSupportFdPassingOnNonLinux" file="/app/tests/Unit/Util/SystemInfoFdPassingTest.php" line="42" class="Duyler\WorkerPool\Tests\Unit\Util\SystemInfoFdPassingTest" classname="Duyler.WorkerPool.Tests.Unit.Util.SystemInfoFdPassingTest" assertions="0" time="0.000234">
          <skipped/>
        </testcase>
      </testsuite>
      <testsuite name="Duyler\WorkerPool\Tests\Unit\Util\SystemInfoFullCoverageTest" file="/app/tests/Unit/Util/SystemInfoFullCoverageTest.php" tests="15" assertions="25" errors="0" failures="0" skipped="0" time="0.014558">
        <testcase name="isContainerEnvironment" file="/app/tests/Unit/Util/SystemInfoFullCoverageTest.php" line="61" class="Duyler\WorkerPool\Tests\Unit\Util\SystemInfoFullCoverageTest" classname="Duyler.WorkerPool.Tests.Unit.Util.SystemInfoFullCoverageTest" assertions="1" time="0.000187"/>
        <testcase name="supportsFdPassing" file="/app/tests/Unit/Util/SystemInfoFullCoverageTest.php" line="70" class="Duyler\WorkerPool\Tests\Unit\Util\SystemInfoFullCoverageTest" classname="Duyler.WorkerPool.Tests.Unit.Util.SystemInfoFullCoverageTest" assertions="1" time="0.000241"/>
        <testcase name="supportsReusePort" file="/app/tests/Unit/Util/SystemInfoFullCoverageTest.php" line="79" class="Duyler\WorkerPool\Tests\Unit\Util\SystemInfoFullCoverageTest" classname="Duyler.WorkerPool.Tests.Unit.Util.SystemInfoFullCoverageTest" assertions="1" time="0.000202"/>
        <testcase name="getCpuCoresUsesFallbackOnFailure" file="/app/tests/Unit/Util/SystemInfoFullCoverageTest.php" line="25" class="Duyler\WorkerPool\Tests\Unit\Util\SystemInfoFullCoverageTest" classname="Duyler.WorkerPool.Tests.Unit.Util.SystemInfoFullCoverageTest" assertions="2" time="0.001198"/>
        <testcase name="getCpuCoresCachesResult" file="/app/tests/Unit/Util/SystemInfoFullCoverageTest.php" line="36" class="Duyler\WorkerPool\Tests\Unit\Util\SystemInfoFullCoverageTest" classname="Duyler.WorkerPool.Tests.Unit.Util.SystemInfoFullCoverageTest" assertions="1" time="0.001437"/>
        <testcase name="getOsInfoReturnsRequiredKeys" file="/app/tests/Unit/Util/SystemInfoFullCoverageTest.php" line="48" class="Duyler\WorkerPool\Tests\Unit\Util\SystemInfoFullCoverageTest" classname="Duyler.WorkerPool.Tests.Unit.Util.SystemInfoFullCoverageTest" assertions="5" time="0.000971"/>
        <testcase name="detectCpuCoresLinuxViaReflection" file="/app/tests/Unit/Util/SystemInfoFullCoverageTest.php" line="102" class="Duyler\WorkerPool\Tests\Unit\Util\SystemInfoFullCoverageTest" classname="Duyler.WorkerPool.Tests.Unit.Util.SystemInfoFullCoverageTest" assertions="2" time="0.000979"/>
        <testcase name="detectCpuCoresWindowsViaReflection" file="/app/tests/Unit/Util/SystemInfoFullCoverageTest.php" line="122" class="Duyler\WorkerPool\Tests\Unit\Util\SystemInfoFullCoverageTest" classname="Duyler.WorkerPool.Tests.Unit.Util.SystemInfoFullCoverageTest" assertions="2" time="0.000948"/>
        <testcase name="execCommandViaReflection" file="/app/tests/Unit/Util/SystemInfoFullCoverageTest.php" line="132" class="Duyler\WorkerPool\Tests\Unit\Util\SystemInfoFullCoverageTest" classname="Duyler.WorkerPool.Tests.Unit.Util.SystemInfoFullCoverageTest" assertions="2" time="0.000994"/>
        <testcase name="execCommandStringViaReflection" file="/app/tests/Unit/Util/SystemInfoFullCoverageTest.php" line="142" class="Duyler\WorkerPool\Tests\Unit\Util\SystemInfoFullCoverageTest" classname="Duyler.WorkerPool.Tests.Unit.Util.SystemInfoFullCoverageTest" assertions="1" time="0.000637"/>
        <testcase name="execCommandReturnsZeroOnInvalidCommand" file="/app/tests/Unit/Util/SystemInfoFullCoverageTest.php" line="152" class="Duyler\WorkerPool\Tests\Unit\Util\SystemInfoFullCoverageTest" classname="Duyler.WorkerPool.Tests.Unit.Util.SystemInfoFullCoverageTest" assertions="1" time="0.000773"/>
        <testcase name="execCommandStringReturnsZeroOnInvalidCommand" file="/app/tests/Unit/Util/SystemInfoFullCoverageTest.php" line="162" class="Duyler\WorkerPool\Tests\Unit\Util\SystemInfoFullCoverageTest" classname="Duyler.WorkerPool.Tests.Unit.Util.SystemInfoFullCoverageTest" assertions="1" time="0.000817"/>
        <testcase name="detectCpuCoresMainMethod" file="/app/tests/Unit/Util/SystemInfoFullCoverageTest.php" line="172" class="Duyler\WorkerPool\Tests\Unit\Util\SystemInfoFullCoverageTest" classname="Duyler.WorkerPool.Tests.Unit.Util.SystemInfoFullCoverageTest" assertions="2" time="0.001249"/>
        <testcase name="resetCacheClearsCachedValue" file="/app/tests/Unit/Util/SystemInfoFullCoverageTest.php" line="88" class="Duyler\WorkerPool\Tests\Unit\Util\SystemInfoFullCoverageTest" classname="Duyler.WorkerPool.Tests.Unit.Util.SystemInfoFullCoverageTest" assertions="1" time="0.002059"/>
        <testcase name="detectCpuCoresBsdViaReflection" file="/app/tests/Unit/Util/SystemInfoFullCoverageTest.php" line="112" class="Duyler\WorkerPool\Tests\Unit\Util\SystemInfoFullCoverageTest" classname="Duyler.WorkerPool.Tests.Unit.Util.SystemInfoFullCoverageTest" assertions="2" time="0.001866"/>
      </testsuite>
      <testsuite name="Duyler\WorkerPool\Tests\Unit\Util\SystemInfoTest" file="/app/tests/Unit/Util/SystemInfoTest.php" tests="5" assertions="13" errors="0" failures="0" skipped="0" time="0.007646">
        <testcase name="testReturnsPositiveNumber" file="/app/tests/Unit/Util/SystemInfoTest.php" line="23" class="Duyler\WorkerPool\Tests\Unit\Util\SystemInfoTest" classname="Duyler.WorkerPool.Tests.Unit.Util.SystemInfoTest" assertions="2" time="0.001410"/>
        <testcase name="testUsesCache" file="/app/tests/Unit/Util/SystemInfoTest.php" line="32" class="Duyler\WorkerPool\Tests\Unit\Util\SystemInfoTest" classname="Duyler.WorkerPool.Tests.Unit.Util.SystemInfoTest" assertions="1" time="0.001597"/>
        <testcase name="testUsesFallbackWhenDetectionFails" file="/app/tests/Unit/Util/SystemInfoTest.php" line="42" class="Duyler\WorkerPool\Tests\Unit\Util\SystemInfoTest" classname="Duyler.WorkerPool.Tests.Unit.Util.SystemInfoTest" assertions="2" time="0.001865"/>
        <testcase name="testReturnsOsInfo" file="/app/tests/Unit/Util/SystemInfoTest.php" line="51" class="Duyler\WorkerPool\Tests\Unit\Util\SystemInfoTest" classname="Duyler.WorkerPool.Tests.Unit.Util.SystemInfoTest" assertions="7" time="0.001148"/>
        <testcase name="testResetsCache" file="/app/tests/Unit/Util/SystemInfoTest.php" line="66" class="Duyler\WorkerPool\Tests\Unit\Util\SystemInfoTest" classname="Duyler.WorkerPool.Tests.Unit.Util.SystemInfoTest" assertions="1" time="0.001626"/>
      </testsuite>
      <testsuite name="Duyler\WorkerPool\Tests\Unit\Worker\EventDrivenWorkerInterfaceTest" file="/app/tests/Unit/Worker/EventDrivenWorkerInterfaceTest.php" tests="6" assertions="12" errors="0" failures="0" skipped="0" time="0.017976">
        <testcase name="testImplementsEventDrivenWorkerInterface" file="/app/tests/Unit/Worker/EventDrivenWorkerInterfaceTest.php" line="39" class="Duyler\WorkerPool\Tests\Unit\Worker\EventDrivenWorkerInterfaceTest" classname="Duyler.WorkerPool.Tests.Unit.Worker.EventDrivenWorkerInterfaceTest" assertions="3" time="0.016627"/>
        <testcase name="testWorkerReceivesCorrectWorkerId" file="/app/tests/Unit/Worker/EventDrivenWorkerInterfaceTest.php" line="90" class="Duyler\WorkerPool\Tests\Unit\Worker\EventDrivenWorkerInterfaceTest" classname="Duyler.WorkerPool.Tests.Unit.Worker.EventDrivenWorkerInterfaceTest" assertions="1" time="0.000370"/>
        <testcase name="testWorkerCanInteractWithServer" file="/app/tests/Unit/Worker/EventDrivenWorkerInterfaceTest.php" line="119" class="Duyler\WorkerPool\Tests\Unit\Worker\EventDrivenWorkerInterfaceTest" classname="Duyler.WorkerPool.Tests.Unit.Worker.EventDrivenWorkerInterfaceTest" assertions="2" time="0.000239"/>
        <testcase name="testWorkerCanHandleRequestResponseCycle" file="/app/tests/Unit/Worker/EventDrivenWorkerInterfaceTest.php" line="147" class="Duyler\WorkerPool\Tests\Unit\Worker\EventDrivenWorkerInterfaceTest" classname="Duyler.WorkerPool.Tests.Unit.Worker.EventDrivenWorkerInterfaceTest" assertions="1" time="0.000273"/>
        <testcase name="testMultipleWorkersCanBeCreated" file="/app/tests/Unit/Worker/EventDrivenWorkerInterfaceTest.php" line="186" class="Duyler\WorkerPool\Tests\Unit\Worker\EventDrivenWorkerInterfaceTest" classname="Duyler.WorkerPool.Tests.Unit.Worker.EventDrivenWorkerInterfaceTest" assertions="4" time="0.000251"/>
        <testcase name="testWorkerCanCheckHasRequest" file="/app/tests/Unit/Worker/EventDrivenWorkerInterfaceTest.php" line="64" class="Duyler\WorkerPool\Tests\Unit\Worker\EventDrivenWorkerInterfaceTest" classname="Duyler.WorkerPool.Tests.Unit.Worker.EventDrivenWorkerInterfaceTest" assertions="1" time="0.000216"/>
      </testsuite>
      <testsuite name="Duyler\WorkerPool\Tests\Integration\ConcurrencyIntegrationTest" file="/app/tests/Integration/ConcurrencyIntegrationTest.php" tests="3" assertions="0" errors="0" failures="0" skipped="3" time="0.000652">
        <testcase name="testHandlesConcurrentConnectionsWithoutRaceConditions" file="/app/tests/Integration/ConcurrencyIntegrationTest.php" line="41" class="Duyler\WorkerPool\Tests\Integration\ConcurrencyIntegrationTest" classname="Duyler.WorkerPool.Tests.Integration.ConcurrencyIntegrationTest" assertions="0" time="0.000221">
          <skipped/>
        </testcase>
        <testcase name="testMaintainsRequestIsolationBetweenWorkers" file="/app/tests/Integration/ConcurrencyIntegrationTest.php" line="150" class="Duyler\WorkerPool\Tests\Integration\ConcurrencyIntegrationTest" classname="Duyler.WorkerPool.Tests.Integration.ConcurrencyIntegrationTest" assertions="0" time="0.000224">
          <skipped/>
        </testcase>
        <testcase name="testHandlesRapidConnectDisconnect" file="/app/tests/Integration/ConcurrencyIntegrationTest.php" line="236" class="Duyler\WorkerPool\Tests\Integration\ConcurrencyIntegrationTest" classname="Duyler.WorkerPool.Tests.Integration.ConcurrencyIntegrationTest" assertions="0" time="0.000208">
          <skipped/>
        </testcase>
      </testsuite>
      <testsuite name="Duyler\WorkerPool\Tests\Integration\LoadBalancingIntegrationTest" file="/app/tests/Integration/LoadBalancingIntegrationTest.php" tests="3" assertions="0" errors="0" failures="0" skipped="3" time="0.000503">
        <testcase name="testRoundRobinDistributesEvenly" file="/app/tests/Integration/LoadBalancingIntegrationTest.php" line="40" class="Duyler\WorkerPool\Tests\Integration\LoadBalancingIntegrationTest" classname="Duyler.WorkerPool.Tests.Integration.LoadBalancingIntegrationTest" assertions="0" time="0.000155">
          <skipped/>
        </testcase>
        <testcase name="testLeastConnectionsPrefersIdleWorkers" file="/app/tests/Integration/LoadBalancingIntegrationTest.php" line="126" class="Duyler\WorkerPool\Tests\Integration\LoadBalancingIntegrationTest" classname="Duyler.WorkerPool.Tests.Integration.LoadBalancingIntegrationTest" assertions="0" time="0.000168">
          <skipped/>
        </testcase>
        <testcase name="testHandlesMultipleConcurrentConnections" file="/app/tests/Integration/LoadBalancingIntegrationTest.php" line="145" class="Duyler\WorkerPool\Tests\Integration\LoadBalancingIntegrationTest" classname="Duyler.WorkerPool.Tests.Integration.LoadBalancingIntegrationTest" assertions="0" time="0.000181">
          <skipped/>
        </testcase>
      </testsuite>
      <testsuite name="Duyler\WorkerPool\Tests\Integration\MasterHttpIntegrationTest" file="/app/tests/Integration/MasterHttpIntegrationTest.php" tests="2" assertions="0" errors="0" failures="0" skipped="2" time="0.000323">
        <testcase name="testMasterAcceptsAndDistributesHttpRequests" file="/app/tests/Integration/MasterHttpIntegrationTest.php" line="44" class="Duyler\WorkerPool\Tests\Integration\MasterHttpIntegrationTest" classname="Duyler.WorkerPool.Tests.Integration.MasterHttpIntegrationTest" assertions="0" time="0.000150">
          <skipped/>
        </testcase>
        <testcase name="testMasterHandlesMultipleConcurrentRequests" file="/app/tests/Integration/MasterHttpIntegrationTest.php" line="120" class="Duyler\WorkerPool\Tests\Integration\MasterHttpIntegrationTest" classname="Duyler.WorkerPool.Tests.Integration.MasterHttpIntegrationTest" assertions="0" time="0.000172">
          <skipped/>
        </testcase>
      </testsuite>
      <testsuite name="Duyler\WorkerPool\Tests\Integration\MasterLifecycleIntegrationTest" file="/app/tests/Integration/MasterLifecycleIntegrationTest.php" tests="3" assertions="0" errors="0" failures="0" skipped="3" time="0.000515">
        <testcase name="testStartsWorkersAndAcceptsConnections" file="/app/tests/Integration/MasterLifecycleIntegrationTest.php" line="39" class="Duyler\WorkerPool\Tests\Integration\MasterLifecycleIntegrationTest" classname="Duyler.WorkerPool.Tests.Integration.MasterLifecycleIntegrationTest" assertions="0" time="0.000156">
          <skipped/>
        </testcase>
        <testcase name="testGracefullyStopsAllWorkers" file="/app/tests/Integration/MasterLifecycleIntegrationTest.php" line="127" class="Duyler\WorkerPool\Tests\Integration\MasterLifecycleIntegrationTest" classname="Duyler.WorkerPool.Tests.Integration.MasterLifecycleIntegrationTest" assertions="0" time="0.000153">
          <skipped/>
        </testcase>
        <testcase name="testReturnsCorrectMetrics" file="/app/tests/Integration/MasterLifecycleIntegrationTest.php" line="190" class="Duyler\WorkerPool\Tests\Integration\MasterLifecycleIntegrationTest" classname="Duyler.WorkerPool.Tests.Integration.MasterLifecycleIntegrationTest" assertions="0" time="0.000206">
          <skipped/>
        </testcase>
      </testsuite>
      <testsuite name="Duyler\WorkerPool\Tests\Integration\WorkerCrashIntegrationTest" file="/app/tests/Integration/WorkerCrashIntegrationTest.php" tests="3" assertions="0" errors="0" failures="0" skipped="3" time="0.000498">
        <testcase name="testHandlesWorkerCrashWithoutAutoRestart" file="/app/tests/Integration/WorkerCrashIntegrationTest.php" line="39" class="Duyler\WorkerPool\Tests\Integration\WorkerCrashIntegrationTest" classname="Duyler.WorkerPool.Tests.Integration.WorkerCrashIntegrationTest" assertions="0" time="0.000175">
          <skipped/>
        </testcase>
        <testcase name="testAutoRestartIsConfigurable" file="/app/tests/Integration/WorkerCrashIntegrationTest.php" line="75" class="Duyler\WorkerPool\Tests\Integration\WorkerCrashIntegrationTest" classname="Duyler.WorkerPool.Tests.Integration.WorkerCrashIntegrationTest" assertions="0" time="0.000153">
          <skipped/>
        </testcase>
        <testcase name="testMasterContinuesAfterWorkerCrash" file="/app/tests/Integration/WorkerCrashIntegrationTest.php" line="104" class="Duyler\WorkerPool\Tests\Integration\WorkerCrashIntegrationTest" classname="Duyler.WorkerPool.Tests.Integration.WorkerCrashIntegrationTest" assertions="0" time="0.000170">
          <skipped/>
        </testcase>
      </testsuite>
    </testsuite>
  </testsuite>
</testsuites>
